ERROR - 2023-12-11 21:08:58 --> mysqli_sql_exception: Table 'semana7.tbl_libt' doesn't exist in C:\xampp\htdocs\proyectoTresBdd\system\Database\MySQLi\Connection.php:306
Stack trace:
#0 C:\xampp\htdocs\proyectoTresBdd\system\Database\MySQLi\Connection.php(306): mysqli->query('SELECT `a`.`lib...', 0)
#1 C:\xampp\htdocs\proyectoTresBdd\system\Database\BaseConnection.php(693): CodeIgniter\Database\MySQLi\Connection->execute('SELECT `a`.`lib...')
#2 C:\xampp\htdocs\proyectoTresBdd\system\Database\BaseConnection.php(607): CodeIgniter\Database\BaseConnection->simpleQuery('SELECT `a`.`lib...')
#3 C:\xampp\htdocs\proyectoTresBdd\system\Database\BaseBuilder.php(1615): CodeIgniter\Database\BaseConnection->query('SELECT `a`.`lib...', Array, false)
#4 C:\xampp\htdocs\proyectoTresBdd\app\Controllers\Home.php(102): CodeIgniter\Database\BaseBuilder->get()
#5 C:\xampp\htdocs\proyectoTresBdd\system\CodeIgniter.php(942): App\Controllers\Home->obtenerLibros()
#6 C:\xampp\htdocs\proyectoTresBdd\system\CodeIgniter.php(502): CodeIgniter\CodeIgniter->runController(Object(App\Controllers\Home))
#7 C:\xampp\htdocs\proyectoTresBdd\system\CodeIgniter.php(361): CodeIgniter\CodeIgniter->handleRequest(NULL, Object(Config\Cache), false)
#8 C:\xampp\htdocs\proyectoTresBdd\index.php(79): CodeIgniter\CodeIgniter->run()
#9 {main}
CRITICAL - 2023-12-11 21:08:58 --> Table 'semana7.tbl_libt' doesn't exist
in SYSTEMPATH\Database\BaseConnection.php on line 647.
 1 SYSTEMPATH\Database\BaseBuilder.php(1615): CodeIgniter\Database\BaseConnection->query('SELECT `a`.`lib_id`, `a`.`lib_titulo`, `a`.`lib_codigo`, `a`.`lib_precio`, `a`.`lib_resumen`, `b`.`tem_tema`
FROM `tbl_libros` `a`
JOIN `tbl_tema` `b` ON `a`.`tem_id`=`b`.`tem_id`
JOIN `tbl_libt` `c` ON `a`.`lib_id`=`c`.`lib_id`', [], false)
 2 APPPATH\Controllers\Home.php(102): CodeIgniter\Database\BaseBuilder->get()
 3 SYSTEMPATH\CodeIgniter.php(942): App\Controllers\Home->obtenerLibros()
 4 SYSTEMPATH\CodeIgniter.php(502): CodeIgniter\CodeIgniter->runController(Object(App\Controllers\Home))
 5 SYSTEMPATH\CodeIgniter.php(361): CodeIgniter\CodeIgniter->handleRequest(null, Object(Config\Cache), false)
 6 FCPATH\index.php(79): CodeIgniter\CodeIgniter->run()
ERROR - 2023-12-11 21:08:58 --> mysqli_sql_exception: Table 'semana7.tbl_libt' doesn't exist in C:\xampp\htdocs\proyectoTresBdd\system\Database\MySQLi\Connection.php:306
Stack trace:
#0 C:\xampp\htdocs\proyectoTresBdd\system\Database\MySQLi\Connection.php(306): mysqli->query('SELECT `a`.`lib...', 0)
#1 C:\xampp\htdocs\proyectoTresBdd\system\Database\BaseConnection.php(693): CodeIgniter\Database\MySQLi\Connection->execute('SELECT `a`.`lib...')
#2 C:\xampp\htdocs\proyectoTresBdd\system\Database\BaseConnection.php(607): CodeIgniter\Database\BaseConnection->simpleQuery('SELECT `a`.`lib...')
#3 C:\xampp\htdocs\proyectoTresBdd\system\Database\BaseBuilder.php(1615): CodeIgniter\Database\BaseConnection->query('SELECT `a`.`lib...', Array, false)
#4 C:\xampp\htdocs\proyectoTresBdd\app\Controllers\Home.php(102): CodeIgniter\Database\BaseBuilder->get()
#5 C:\xampp\htdocs\proyectoTresBdd\system\CodeIgniter.php(942): App\Controllers\Home->obtenerLibros()
#6 C:\xampp\htdocs\proyectoTresBdd\system\CodeIgniter.php(502): CodeIgniter\CodeIgniter->runController(Object(App\Controllers\Home))
#7 C:\xampp\htdocs\proyectoTresBdd\system\CodeIgniter.php(361): CodeIgniter\CodeIgniter->handleRequest(NULL, Object(Config\Cache), false)
#8 C:\xampp\htdocs\proyectoTresBdd\index.php(79): CodeIgniter\CodeIgniter->run()
#9 {main}
CRITICAL - 2023-12-11 21:08:58 --> Table 'semana7.tbl_libt' doesn't exist
in SYSTEMPATH\Database\BaseConnection.php on line 647.
 1 SYSTEMPATH\Database\BaseBuilder.php(1615): CodeIgniter\Database\BaseConnection->query('SELECT `a`.`lib_id`, `a`.`lib_titulo`, `a`.`lib_codigo`, `a`.`lib_precio`, `a`.`lib_resumen`, `b`.`tem_tema`
FROM `tbl_libros` `a`
JOIN `tbl_tema` `b` ON `a`.`tem_id`=`b`.`tem_id`
JOIN `tbl_libt` `c` ON `a`.`lib_id`=`c`.`lib_id`', [], false)
 2 APPPATH\Controllers\Home.php(102): CodeIgniter\Database\BaseBuilder->get()
 3 SYSTEMPATH\CodeIgniter.php(942): App\Controllers\Home->obtenerLibros()
 4 SYSTEMPATH\CodeIgniter.php(502): CodeIgniter\CodeIgniter->runController(Object(App\Controllers\Home))
 5 SYSTEMPATH\CodeIgniter.php(361): CodeIgniter\CodeIgniter->handleRequest(null, Object(Config\Cache), false)
 6 FCPATH\index.php(79): CodeIgniter\CodeIgniter->run()
ERROR - 2023-12-11 21:08:59 --> mysqli_sql_exception: Table 'semana7.tbl_libt' doesn't exist in C:\xampp\htdocs\proyectoTresBdd\system\Database\MySQLi\Connection.php:306
Stack trace:
#0 C:\xampp\htdocs\proyectoTresBdd\system\Database\MySQLi\Connection.php(306): mysqli->query('SELECT `a`.`lib...', 0)
#1 C:\xampp\htdocs\proyectoTresBdd\system\Database\BaseConnection.php(693): CodeIgniter\Database\MySQLi\Connection->execute('SELECT `a`.`lib...')
#2 C:\xampp\htdocs\proyectoTresBdd\system\Database\BaseConnection.php(607): CodeIgniter\Database\BaseConnection->simpleQuery('SELECT `a`.`lib...')
#3 C:\xampp\htdocs\proyectoTresBdd\system\Database\BaseBuilder.php(1615): CodeIgniter\Database\BaseConnection->query('SELECT `a`.`lib...', Array, false)
#4 C:\xampp\htdocs\proyectoTresBdd\app\Controllers\Home.php(102): CodeIgniter\Database\BaseBuilder->get()
#5 C:\xampp\htdocs\proyectoTresBdd\system\CodeIgniter.php(942): App\Controllers\Home->obtenerLibros()
#6 C:\xampp\htdocs\proyectoTresBdd\system\CodeIgniter.php(502): CodeIgniter\CodeIgniter->runController(Object(App\Controllers\Home))
#7 C:\xampp\htdocs\proyectoTresBdd\system\CodeIgniter.php(361): CodeIgniter\CodeIgniter->handleRequest(NULL, Object(Config\Cache), false)
#8 C:\xampp\htdocs\proyectoTresBdd\index.php(79): CodeIgniter\CodeIgniter->run()
#9 {main}
CRITICAL - 2023-12-11 21:08:59 --> Table 'semana7.tbl_libt' doesn't exist
in SYSTEMPATH\Database\BaseConnection.php on line 647.
 1 SYSTEMPATH\Database\BaseBuilder.php(1615): CodeIgniter\Database\BaseConnection->query('SELECT `a`.`lib_id`, `a`.`lib_titulo`, `a`.`lib_codigo`, `a`.`lib_precio`, `a`.`lib_resumen`, `b`.`tem_tema`
FROM `tbl_libros` `a`
JOIN `tbl_tema` `b` ON `a`.`tem_id`=`b`.`tem_id`
JOIN `tbl_libt` `c` ON `a`.`lib_id`=`c`.`lib_id`', [], false)
 2 APPPATH\Controllers\Home.php(102): CodeIgniter\Database\BaseBuilder->get()
 3 SYSTEMPATH\CodeIgniter.php(942): App\Controllers\Home->obtenerLibros()
 4 SYSTEMPATH\CodeIgniter.php(502): CodeIgniter\CodeIgniter->runController(Object(App\Controllers\Home))
 5 SYSTEMPATH\CodeIgniter.php(361): CodeIgniter\CodeIgniter->handleRequest(null, Object(Config\Cache), false)
 6 FCPATH\index.php(79): CodeIgniter\CodeIgniter->run()
ERROR - 2023-12-11 21:09:00 --> mysqli_sql_exception: Table 'semana7.tbl_libt' doesn't exist in C:\xampp\htdocs\proyectoTresBdd\system\Database\MySQLi\Connection.php:306
Stack trace:
#0 C:\xampp\htdocs\proyectoTresBdd\system\Database\MySQLi\Connection.php(306): mysqli->query('SELECT `a`.`lib...', 0)
#1 C:\xampp\htdocs\proyectoTresBdd\system\Database\BaseConnection.php(693): CodeIgniter\Database\MySQLi\Connection->execute('SELECT `a`.`lib...')
#2 C:\xampp\htdocs\proyectoTresBdd\system\Database\BaseConnection.php(607): CodeIgniter\Database\BaseConnection->simpleQuery('SELECT `a`.`lib...')
#3 C:\xampp\htdocs\proyectoTresBdd\system\Database\BaseBuilder.php(1615): CodeIgniter\Database\BaseConnection->query('SELECT `a`.`lib...', Array, false)
#4 C:\xampp\htdocs\proyectoTresBdd\app\Controllers\Home.php(102): CodeIgniter\Database\BaseBuilder->get()
#5 C:\xampp\htdocs\proyectoTresBdd\system\CodeIgniter.php(942): App\Controllers\Home->obtenerLibros()
#6 C:\xampp\htdocs\proyectoTresBdd\system\CodeIgniter.php(502): CodeIgniter\CodeIgniter->runController(Object(App\Controllers\Home))
#7 C:\xampp\htdocs\proyectoTresBdd\system\CodeIgniter.php(361): CodeIgniter\CodeIgniter->handleRequest(NULL, Object(Config\Cache), false)
#8 C:\xampp\htdocs\proyectoTresBdd\index.php(79): CodeIgniter\CodeIgniter->run()
#9 {main}
CRITICAL - 2023-12-11 21:09:00 --> Table 'semana7.tbl_libt' doesn't exist
in SYSTEMPATH\Database\BaseConnection.php on line 647.
 1 SYSTEMPATH\Database\BaseBuilder.php(1615): CodeIgniter\Database\BaseConnection->query('SELECT `a`.`lib_id`, `a`.`lib_titulo`, `a`.`lib_codigo`, `a`.`lib_precio`, `a`.`lib_resumen`, `b`.`tem_tema`
FROM `tbl_libros` `a`
JOIN `tbl_tema` `b` ON `a`.`tem_id`=`b`.`tem_id`
JOIN `tbl_libt` `c` ON `a`.`lib_id`=`c`.`lib_id`', [], false)
 2 APPPATH\Controllers\Home.php(102): CodeIgniter\Database\BaseBuilder->get()
 3 SYSTEMPATH\CodeIgniter.php(942): App\Controllers\Home->obtenerLibros()
 4 SYSTEMPATH\CodeIgniter.php(502): CodeIgniter\CodeIgniter->runController(Object(App\Controllers\Home))
 5 SYSTEMPATH\CodeIgniter.php(361): CodeIgniter\CodeIgniter->handleRequest(null, Object(Config\Cache), false)
 6 FCPATH\index.php(79): CodeIgniter\CodeIgniter->run()
ERROR - 2023-12-11 21:10:44 --> mysqli_sql_exception: Table 'semana7.tbl_libt' doesn't exist in C:\xampp\htdocs\proyectoTresBdd\system\Database\MySQLi\Connection.php:306
Stack trace:
#0 C:\xampp\htdocs\proyectoTresBdd\system\Database\MySQLi\Connection.php(306): mysqli->query('SELECT `a`.`lib...', 0)
#1 C:\xampp\htdocs\proyectoTresBdd\system\Database\BaseConnection.php(693): CodeIgniter\Database\MySQLi\Connection->execute('SELECT `a`.`lib...')
#2 C:\xampp\htdocs\proyectoTresBdd\system\Database\BaseConnection.php(607): CodeIgniter\Database\BaseConnection->simpleQuery('SELECT `a`.`lib...')
#3 C:\xampp\htdocs\proyectoTresBdd\system\Database\BaseBuilder.php(1615): CodeIgniter\Database\BaseConnection->query('SELECT `a`.`lib...', Array, false)
#4 C:\xampp\htdocs\proyectoTresBdd\app\Controllers\Home.php(102): CodeIgniter\Database\BaseBuilder->get()
#5 C:\xampp\htdocs\proyectoTresBdd\system\CodeIgniter.php(942): App\Controllers\Home->obtenerLibros()
#6 C:\xampp\htdocs\proyectoTresBdd\system\CodeIgniter.php(502): CodeIgniter\CodeIgniter->runController(Object(App\Controllers\Home))
#7 C:\xampp\htdocs\proyectoTresBdd\system\CodeIgniter.php(361): CodeIgniter\CodeIgniter->handleRequest(NULL, Object(Config\Cache), false)
#8 C:\xampp\htdocs\proyectoTresBdd\index.php(79): CodeIgniter\CodeIgniter->run()
#9 {main}
CRITICAL - 2023-12-11 21:10:44 --> Table 'semana7.tbl_libt' doesn't exist
in SYSTEMPATH\Database\BaseConnection.php on line 647.
 1 SYSTEMPATH\Database\BaseBuilder.php(1615): CodeIgniter\Database\BaseConnection->query('SELECT `a`.`lib_id`, `a`.`lib_titulo`, `a`.`lib_codigo`, `a`.`lib_precio`, `a`.`lib_resumen`, `b`.`tem_tema`
FROM `tbl_libros` `a`
JOIN `tbl_tema` `b` ON `a`.`tem_id`=`b`.`tem_id`
JOIN `tbl_libt` `c` ON `a`.`lib_id`=`c`.`lib_id`', [], false)
 2 APPPATH\Controllers\Home.php(102): CodeIgniter\Database\BaseBuilder->get()
 3 SYSTEMPATH\CodeIgniter.php(942): App\Controllers\Home->obtenerLibros()
 4 SYSTEMPATH\CodeIgniter.php(502): CodeIgniter\CodeIgniter->runController(Object(App\Controllers\Home))
 5 SYSTEMPATH\CodeIgniter.php(361): CodeIgniter\CodeIgniter->handleRequest(null, Object(Config\Cache), false)
 6 FCPATH\index.php(79): CodeIgniter\CodeIgniter->run()
ERROR - 2023-12-11 21:10:44 --> mysqli_sql_exception: Table 'semana7.tbl_libt' doesn't exist in C:\xampp\htdocs\proyectoTresBdd\system\Database\MySQLi\Connection.php:306
Stack trace:
#0 C:\xampp\htdocs\proyectoTresBdd\system\Database\MySQLi\Connection.php(306): mysqli->query('SELECT `a`.`lib...', 0)
#1 C:\xampp\htdocs\proyectoTresBdd\system\Database\BaseConnection.php(693): CodeIgniter\Database\MySQLi\Connection->execute('SELECT `a`.`lib...')
#2 C:\xampp\htdocs\proyectoTresBdd\system\Database\BaseConnection.php(607): CodeIgniter\Database\BaseConnection->simpleQuery('SELECT `a`.`lib...')
#3 C:\xampp\htdocs\proyectoTresBdd\system\Database\BaseBuilder.php(1615): CodeIgniter\Database\BaseConnection->query('SELECT `a`.`lib...', Array, false)
#4 C:\xampp\htdocs\proyectoTresBdd\app\Controllers\Home.php(102): CodeIgniter\Database\BaseBuilder->get()
#5 C:\xampp\htdocs\proyectoTresBdd\system\CodeIgniter.php(942): App\Controllers\Home->obtenerLibros()
#6 C:\xampp\htdocs\proyectoTresBdd\system\CodeIgniter.php(502): CodeIgniter\CodeIgniter->runController(Object(App\Controllers\Home))
#7 C:\xampp\htdocs\proyectoTresBdd\system\CodeIgniter.php(361): CodeIgniter\CodeIgniter->handleRequest(NULL, Object(Config\Cache), false)
#8 C:\xampp\htdocs\proyectoTresBdd\index.php(79): CodeIgniter\CodeIgniter->run()
#9 {main}
CRITICAL - 2023-12-11 21:10:44 --> Table 'semana7.tbl_libt' doesn't exist
in SYSTEMPATH\Database\BaseConnection.php on line 647.
 1 SYSTEMPATH\Database\BaseBuilder.php(1615): CodeIgniter\Database\BaseConnection->query('SELECT `a`.`lib_id`, `a`.`lib_titulo`, `a`.`lib_codigo`, `a`.`lib_precio`, `a`.`lib_resumen`, `b`.`tem_tema`
FROM `tbl_libros` `a`
JOIN `tbl_tema` `b` ON `a`.`tem_id`=`b`.`tem_id`
JOIN `tbl_libt` `c` ON `a`.`lib_id`=`c`.`lib_id`', [], false)
 2 APPPATH\Controllers\Home.php(102): CodeIgniter\Database\BaseBuilder->get()
 3 SYSTEMPATH\CodeIgniter.php(942): App\Controllers\Home->obtenerLibros()
 4 SYSTEMPATH\CodeIgniter.php(502): CodeIgniter\CodeIgniter->runController(Object(App\Controllers\Home))
 5 SYSTEMPATH\CodeIgniter.php(361): CodeIgniter\CodeIgniter->handleRequest(null, Object(Config\Cache), false)
 6 FCPATH\index.php(79): CodeIgniter\CodeIgniter->run()
ERROR - 2023-12-11 21:22:01 --> mysqli_sql_exception: Table 'semana7.tbl_libt' doesn't exist in C:\xampp\htdocs\proyectoTresBdd\system\Database\MySQLi\Connection.php:306
Stack trace:
#0 C:\xampp\htdocs\proyectoTresBdd\system\Database\MySQLi\Connection.php(306): mysqli->query('SELECT `a`.`lib...', 0)
#1 C:\xampp\htdocs\proyectoTresBdd\system\Database\BaseConnection.php(693): CodeIgniter\Database\MySQLi\Connection->execute('SELECT `a`.`lib...')
#2 C:\xampp\htdocs\proyectoTresBdd\system\Database\BaseConnection.php(607): CodeIgniter\Database\BaseConnection->simpleQuery('SELECT `a`.`lib...')
#3 C:\xampp\htdocs\proyectoTresBdd\system\Database\BaseBuilder.php(1615): CodeIgniter\Database\BaseConnection->query('SELECT `a`.`lib...', Array, false)
#4 C:\xampp\htdocs\proyectoTresBdd\app\Controllers\Home.php(102): CodeIgniter\Database\BaseBuilder->get()
#5 C:\xampp\htdocs\proyectoTresBdd\system\CodeIgniter.php(942): App\Controllers\Home->obtenerLibros()
#6 C:\xampp\htdocs\proyectoTresBdd\system\CodeIgniter.php(502): CodeIgniter\CodeIgniter->runController(Object(App\Controllers\Home))
#7 C:\xampp\htdocs\proyectoTresBdd\system\CodeIgniter.php(361): CodeIgniter\CodeIgniter->handleRequest(NULL, Object(Config\Cache), false)
#8 C:\xampp\htdocs\proyectoTresBdd\index.php(79): CodeIgniter\CodeIgniter->run()
#9 {main}
CRITICAL - 2023-12-11 21:22:01 --> Table 'semana7.tbl_libt' doesn't exist
in SYSTEMPATH\Database\BaseConnection.php on line 647.
 1 SYSTEMPATH\Database\BaseBuilder.php(1615): CodeIgniter\Database\BaseConnection->query('SELECT `a`.`lib_id`, `a`.`lib_titulo`, `a`.`lib_codigo`, `a`.`lib_precio`, `a`.`lib_resumen`, `b`.`tem_tema`
FROM `tbl_libros` `a`
JOIN `tbl_tema` `b` ON `a`.`tem_id`=`b`.`tem_id`
JOIN `tbl_libt` `c` ON `a`.`lib_id`=`c`.`lib_id`', [], false)
 2 APPPATH\Controllers\Home.php(102): CodeIgniter\Database\BaseBuilder->get()
 3 SYSTEMPATH\CodeIgniter.php(942): App\Controllers\Home->obtenerLibros()
 4 SYSTEMPATH\CodeIgniter.php(502): CodeIgniter\CodeIgniter->runController(Object(App\Controllers\Home))
 5 SYSTEMPATH\CodeIgniter.php(361): CodeIgniter\CodeIgniter->handleRequest(null, Object(Config\Cache), false)
 6 FCPATH\index.php(79): CodeIgniter\CodeIgniter->run()
ERROR - 2023-12-11 21:22:01 --> mysqli_sql_exception: Table 'semana7.tbl_libt' doesn't exist in C:\xampp\htdocs\proyectoTresBdd\system\Database\MySQLi\Connection.php:306
Stack trace:
#0 C:\xampp\htdocs\proyectoTresBdd\system\Database\MySQLi\Connection.php(306): mysqli->query('SELECT `a`.`lib...', 0)
#1 C:\xampp\htdocs\proyectoTresBdd\system\Database\BaseConnection.php(693): CodeIgniter\Database\MySQLi\Connection->execute('SELECT `a`.`lib...')
#2 C:\xampp\htdocs\proyectoTresBdd\system\Database\BaseConnection.php(607): CodeIgniter\Database\BaseConnection->simpleQuery('SELECT `a`.`lib...')
#3 C:\xampp\htdocs\proyectoTresBdd\system\Database\BaseBuilder.php(1615): CodeIgniter\Database\BaseConnection->query('SELECT `a`.`lib...', Array, false)
#4 C:\xampp\htdocs\proyectoTresBdd\app\Controllers\Home.php(102): CodeIgniter\Database\BaseBuilder->get()
#5 C:\xampp\htdocs\proyectoTresBdd\system\CodeIgniter.php(942): App\Controllers\Home->obtenerLibros()
#6 C:\xampp\htdocs\proyectoTresBdd\system\CodeIgniter.php(502): CodeIgniter\CodeIgniter->runController(Object(App\Controllers\Home))
#7 C:\xampp\htdocs\proyectoTresBdd\system\CodeIgniter.php(361): CodeIgniter\CodeIgniter->handleRequest(NULL, Object(Config\Cache), false)
#8 C:\xampp\htdocs\proyectoTresBdd\index.php(79): CodeIgniter\CodeIgniter->run()
#9 {main}
CRITICAL - 2023-12-11 21:22:01 --> Table 'semana7.tbl_libt' doesn't exist
in SYSTEMPATH\Database\BaseConnection.php on line 647.
 1 SYSTEMPATH\Database\BaseBuilder.php(1615): CodeIgniter\Database\BaseConnection->query('SELECT `a`.`lib_id`, `a`.`lib_titulo`, `a`.`lib_codigo`, `a`.`lib_precio`, `a`.`lib_resumen`, `b`.`tem_tema`
FROM `tbl_libros` `a`
JOIN `tbl_tema` `b` ON `a`.`tem_id`=`b`.`tem_id`
JOIN `tbl_libt` `c` ON `a`.`lib_id`=`c`.`lib_id`', [], false)
 2 APPPATH\Controllers\Home.php(102): CodeIgniter\Database\BaseBuilder->get()
 3 SYSTEMPATH\CodeIgniter.php(942): App\Controllers\Home->obtenerLibros()
 4 SYSTEMPATH\CodeIgniter.php(502): CodeIgniter\CodeIgniter->runController(Object(App\Controllers\Home))
 5 SYSTEMPATH\CodeIgniter.php(361): CodeIgniter\CodeIgniter->handleRequest(null, Object(Config\Cache), false)
 6 FCPATH\index.php(79): CodeIgniter\CodeIgniter->run()
ERROR - 2023-12-11 21:22:54 --> mysqli_sql_exception: Table 'semana7.tbl_libt' doesn't exist in C:\xampp\htdocs\proyectoTresBdd\system\Database\MySQLi\Connection.php:306
Stack trace:
#0 C:\xampp\htdocs\proyectoTresBdd\system\Database\MySQLi\Connection.php(306): mysqli->query('SELECT `a`.`lib...', 0)
#1 C:\xampp\htdocs\proyectoTresBdd\system\Database\BaseConnection.php(693): CodeIgniter\Database\MySQLi\Connection->execute('SELECT `a`.`lib...')
#2 C:\xampp\htdocs\proyectoTresBdd\system\Database\BaseConnection.php(607): CodeIgniter\Database\BaseConnection->simpleQuery('SELECT `a`.`lib...')
#3 C:\xampp\htdocs\proyectoTresBdd\system\Database\BaseBuilder.php(1615): CodeIgniter\Database\BaseConnection->query('SELECT `a`.`lib...', Array, false)
#4 C:\xampp\htdocs\proyectoTresBdd\app\Controllers\Home.php(102): CodeIgniter\Database\BaseBuilder->get()
#5 C:\xampp\htdocs\proyectoTresBdd\system\CodeIgniter.php(942): App\Controllers\Home->obtenerLibros()
#6 C:\xampp\htdocs\proyectoTresBdd\system\CodeIgniter.php(502): CodeIgniter\CodeIgniter->runController(Object(App\Controllers\Home))
#7 C:\xampp\htdocs\proyectoTresBdd\system\CodeIgniter.php(361): CodeIgniter\CodeIgniter->handleRequest(NULL, Object(Config\Cache), false)
#8 C:\xampp\htdocs\proyectoTresBdd\index.php(79): CodeIgniter\CodeIgniter->run()
#9 {main}
CRITICAL - 2023-12-11 21:22:54 --> Table 'semana7.tbl_libt' doesn't exist
in SYSTEMPATH\Database\BaseConnection.php on line 647.
 1 SYSTEMPATH\Database\BaseBuilder.php(1615): CodeIgniter\Database\BaseConnection->query('SELECT `a`.`lib_id`, `a`.`lib_titulo`, `a`.`lib_codigo`, `a`.`lib_precio`, `a`.`lib_resumen`, `b`.`tem_tema`
FROM `tbl_libros` `a`
JOIN `tbl_tema` `b` ON `a`.`tem_id`=`b`.`tem_id`
JOIN `tbl_libt` `c` ON `a`.`lib_id`=`c`.`lib_id`', [], false)
 2 APPPATH\Controllers\Home.php(102): CodeIgniter\Database\BaseBuilder->get()
 3 SYSTEMPATH\CodeIgniter.php(942): App\Controllers\Home->obtenerLibros()
 4 SYSTEMPATH\CodeIgniter.php(502): CodeIgniter\CodeIgniter->runController(Object(App\Controllers\Home))
 5 SYSTEMPATH\CodeIgniter.php(361): CodeIgniter\CodeIgniter->handleRequest(null, Object(Config\Cache), false)
 6 FCPATH\index.php(79): CodeIgniter\CodeIgniter->run()
ERROR - 2023-12-11 21:22:54 --> mysqli_sql_exception: Table 'semana7.tbl_libt' doesn't exist in C:\xampp\htdocs\proyectoTresBdd\system\Database\MySQLi\Connection.php:306
Stack trace:
#0 C:\xampp\htdocs\proyectoTresBdd\system\Database\MySQLi\Connection.php(306): mysqli->query('SELECT `a`.`lib...', 0)
#1 C:\xampp\htdocs\proyectoTresBdd\system\Database\BaseConnection.php(693): CodeIgniter\Database\MySQLi\Connection->execute('SELECT `a`.`lib...')
#2 C:\xampp\htdocs\proyectoTresBdd\system\Database\BaseConnection.php(607): CodeIgniter\Database\BaseConnection->simpleQuery('SELECT `a`.`lib...')
#3 C:\xampp\htdocs\proyectoTresBdd\system\Database\BaseBuilder.php(1615): CodeIgniter\Database\BaseConnection->query('SELECT `a`.`lib...', Array, false)
#4 C:\xampp\htdocs\proyectoTresBdd\app\Controllers\Home.php(102): CodeIgniter\Database\BaseBuilder->get()
#5 C:\xampp\htdocs\proyectoTresBdd\system\CodeIgniter.php(942): App\Controllers\Home->obtenerLibros()
#6 C:\xampp\htdocs\proyectoTresBdd\system\CodeIgniter.php(502): CodeIgniter\CodeIgniter->runController(Object(App\Controllers\Home))
#7 C:\xampp\htdocs\proyectoTresBdd\system\CodeIgniter.php(361): CodeIgniter\CodeIgniter->handleRequest(NULL, Object(Config\Cache), false)
#8 C:\xampp\htdocs\proyectoTresBdd\index.php(79): CodeIgniter\CodeIgniter->run()
#9 {main}
CRITICAL - 2023-12-11 21:22:54 --> Table 'semana7.tbl_libt' doesn't exist
in SYSTEMPATH\Database\BaseConnection.php on line 647.
 1 SYSTEMPATH\Database\BaseBuilder.php(1615): CodeIgniter\Database\BaseConnection->query('SELECT `a`.`lib_id`, `a`.`lib_titulo`, `a`.`lib_codigo`, `a`.`lib_precio`, `a`.`lib_resumen`, `b`.`tem_tema`
FROM `tbl_libros` `a`
JOIN `tbl_tema` `b` ON `a`.`tem_id`=`b`.`tem_id`
JOIN `tbl_libt` `c` ON `a`.`lib_id`=`c`.`lib_id`', [], false)
 2 APPPATH\Controllers\Home.php(102): CodeIgniter\Database\BaseBuilder->get()
 3 SYSTEMPATH\CodeIgniter.php(942): App\Controllers\Home->obtenerLibros()
 4 SYSTEMPATH\CodeIgniter.php(502): CodeIgniter\CodeIgniter->runController(Object(App\Controllers\Home))
 5 SYSTEMPATH\CodeIgniter.php(361): CodeIgniter\CodeIgniter->handleRequest(null, Object(Config\Cache), false)
 6 FCPATH\index.php(79): CodeIgniter\CodeIgniter->run()
ERROR - 2023-12-11 21:22:57 --> mysqli_sql_exception: Table 'semana7.tbl_libt' doesn't exist in C:\xampp\htdocs\proyectoTresBdd\system\Database\MySQLi\Connection.php:306
Stack trace:
#0 C:\xampp\htdocs\proyectoTresBdd\system\Database\MySQLi\Connection.php(306): mysqli->query('SELECT `a`.`lib...', 0)
#1 C:\xampp\htdocs\proyectoTresBdd\system\Database\BaseConnection.php(693): CodeIgniter\Database\MySQLi\Connection->execute('SELECT `a`.`lib...')
#2 C:\xampp\htdocs\proyectoTresBdd\system\Database\BaseConnection.php(607): CodeIgniter\Database\BaseConnection->simpleQuery('SELECT `a`.`lib...')
#3 C:\xampp\htdocs\proyectoTresBdd\system\Database\BaseBuilder.php(1615): CodeIgniter\Database\BaseConnection->query('SELECT `a`.`lib...', Array, false)
#4 C:\xampp\htdocs\proyectoTresBdd\app\Controllers\Home.php(102): CodeIgniter\Database\BaseBuilder->get()
#5 C:\xampp\htdocs\proyectoTresBdd\system\CodeIgniter.php(942): App\Controllers\Home->obtenerLibros()
#6 C:\xampp\htdocs\proyectoTresBdd\system\CodeIgniter.php(502): CodeIgniter\CodeIgniter->runController(Object(App\Controllers\Home))
#7 C:\xampp\htdocs\proyectoTresBdd\system\CodeIgniter.php(361): CodeIgniter\CodeIgniter->handleRequest(NULL, Object(Config\Cache), false)
#8 C:\xampp\htdocs\proyectoTresBdd\index.php(79): CodeIgniter\CodeIgniter->run()
#9 {main}
CRITICAL - 2023-12-11 21:22:57 --> Table 'semana7.tbl_libt' doesn't exist
in SYSTEMPATH\Database\BaseConnection.php on line 647.
 1 SYSTEMPATH\Database\BaseBuilder.php(1615): CodeIgniter\Database\BaseConnection->query('SELECT `a`.`lib_id`, `a`.`lib_titulo`, `a`.`lib_codigo`, `a`.`lib_precio`, `a`.`lib_resumen`, `b`.`tem_tema`
FROM `tbl_libros` `a`
JOIN `tbl_tema` `b` ON `a`.`tem_id`=`b`.`tem_id`
JOIN `tbl_libt` `c` ON `a`.`lib_id`=`c`.`lib_id`', [], false)
 2 APPPATH\Controllers\Home.php(102): CodeIgniter\Database\BaseBuilder->get()
 3 SYSTEMPATH\CodeIgniter.php(942): App\Controllers\Home->obtenerLibros()
 4 SYSTEMPATH\CodeIgniter.php(502): CodeIgniter\CodeIgniter->runController(Object(App\Controllers\Home))
 5 SYSTEMPATH\CodeIgniter.php(361): CodeIgniter\CodeIgniter->handleRequest(null, Object(Config\Cache), false)
 6 FCPATH\index.php(79): CodeIgniter\CodeIgniter->run()
ERROR - 2023-12-11 21:22:57 --> mysqli_sql_exception: Table 'semana7.tbl_libt' doesn't exist in C:\xampp\htdocs\proyectoTresBdd\system\Database\MySQLi\Connection.php:306
Stack trace:
#0 C:\xampp\htdocs\proyectoTresBdd\system\Database\MySQLi\Connection.php(306): mysqli->query('SELECT `a`.`lib...', 0)
#1 C:\xampp\htdocs\proyectoTresBdd\system\Database\BaseConnection.php(693): CodeIgniter\Database\MySQLi\Connection->execute('SELECT `a`.`lib...')
#2 C:\xampp\htdocs\proyectoTresBdd\system\Database\BaseConnection.php(607): CodeIgniter\Database\BaseConnection->simpleQuery('SELECT `a`.`lib...')
#3 C:\xampp\htdocs\proyectoTresBdd\system\Database\BaseBuilder.php(1615): CodeIgniter\Database\BaseConnection->query('SELECT `a`.`lib...', Array, false)
#4 C:\xampp\htdocs\proyectoTresBdd\app\Controllers\Home.php(102): CodeIgniter\Database\BaseBuilder->get()
#5 C:\xampp\htdocs\proyectoTresBdd\system\CodeIgniter.php(942): App\Controllers\Home->obtenerLibros()
#6 C:\xampp\htdocs\proyectoTresBdd\system\CodeIgniter.php(502): CodeIgniter\CodeIgniter->runController(Object(App\Controllers\Home))
#7 C:\xampp\htdocs\proyectoTresBdd\system\CodeIgniter.php(361): CodeIgniter\CodeIgniter->handleRequest(NULL, Object(Config\Cache), false)
#8 C:\xampp\htdocs\proyectoTresBdd\index.php(79): CodeIgniter\CodeIgniter->run()
#9 {main}
CRITICAL - 2023-12-11 21:22:57 --> Table 'semana7.tbl_libt' doesn't exist
in SYSTEMPATH\Database\BaseConnection.php on line 647.
 1 SYSTEMPATH\Database\BaseBuilder.php(1615): CodeIgniter\Database\BaseConnection->query('SELECT `a`.`lib_id`, `a`.`lib_titulo`, `a`.`lib_codigo`, `a`.`lib_precio`, `a`.`lib_resumen`, `b`.`tem_tema`
FROM `tbl_libros` `a`
JOIN `tbl_tema` `b` ON `a`.`tem_id`=`b`.`tem_id`
JOIN `tbl_libt` `c` ON `a`.`lib_id`=`c`.`lib_id`', [], false)
 2 APPPATH\Controllers\Home.php(102): CodeIgniter\Database\BaseBuilder->get()
 3 SYSTEMPATH\CodeIgniter.php(942): App\Controllers\Home->obtenerLibros()
 4 SYSTEMPATH\CodeIgniter.php(502): CodeIgniter\CodeIgniter->runController(Object(App\Controllers\Home))
 5 SYSTEMPATH\CodeIgniter.php(361): CodeIgniter\CodeIgniter->handleRequest(null, Object(Config\Cache), false)
 6 FCPATH\index.php(79): CodeIgniter\CodeIgniter->run()
ERROR - 2023-12-11 21:24:48 --> mysqli_sql_exception: Table 'semana7.tbl_libt' doesn't exist in C:\xampp\htdocs\proyectoTresBdd\system\Database\MySQLi\Connection.php:306
Stack trace:
#0 C:\xampp\htdocs\proyectoTresBdd\system\Database\MySQLi\Connection.php(306): mysqli->query('SELECT `a`.`lib...', 0)
#1 C:\xampp\htdocs\proyectoTresBdd\system\Database\BaseConnection.php(693): CodeIgniter\Database\MySQLi\Connection->execute('SELECT `a`.`lib...')
#2 C:\xampp\htdocs\proyectoTresBdd\system\Database\BaseConnection.php(607): CodeIgniter\Database\BaseConnection->simpleQuery('SELECT `a`.`lib...')
#3 C:\xampp\htdocs\proyectoTresBdd\system\Database\BaseBuilder.php(1615): CodeIgniter\Database\BaseConnection->query('SELECT `a`.`lib...', Array, false)
#4 C:\xampp\htdocs\proyectoTresBdd\app\Controllers\Home.php(102): CodeIgniter\Database\BaseBuilder->get()
#5 C:\xampp\htdocs\proyectoTresBdd\system\CodeIgniter.php(942): App\Controllers\Home->obtenerLibros()
#6 C:\xampp\htdocs\proyectoTresBdd\system\CodeIgniter.php(502): CodeIgniter\CodeIgniter->runController(Object(App\Controllers\Home))
#7 C:\xampp\htdocs\proyectoTresBdd\system\CodeIgniter.php(361): CodeIgniter\CodeIgniter->handleRequest(NULL, Object(Config\Cache), false)
#8 C:\xampp\htdocs\proyectoTresBdd\index.php(79): CodeIgniter\CodeIgniter->run()
#9 {main}
CRITICAL - 2023-12-11 21:24:48 --> Table 'semana7.tbl_libt' doesn't exist
in SYSTEMPATH\Database\BaseConnection.php on line 647.
 1 SYSTEMPATH\Database\BaseBuilder.php(1615): CodeIgniter\Database\BaseConnection->query('SELECT `a`.`lib_id`, `a`.`lib_titulo`, `a`.`lib_codigo`, `a`.`lib_precio`, `a`.`lib_resumen`, `b`.`tem_tema`
FROM `tbl_libros` `a`
JOIN `tbl_tema` `b` ON `a`.`tem_id`=`b`.`tem_id`
JOIN `tbl_libt` `c` ON `a`.`lib_id`=`c`.`lib_id`', [], false)
 2 APPPATH\Controllers\Home.php(102): CodeIgniter\Database\BaseBuilder->get()
 3 SYSTEMPATH\CodeIgniter.php(942): App\Controllers\Home->obtenerLibros()
 4 SYSTEMPATH\CodeIgniter.php(502): CodeIgniter\CodeIgniter->runController(Object(App\Controllers\Home))
 5 SYSTEMPATH\CodeIgniter.php(361): CodeIgniter\CodeIgniter->handleRequest(null, Object(Config\Cache), false)
 6 FCPATH\index.php(79): CodeIgniter\CodeIgniter->run()
ERROR - 2023-12-11 21:24:48 --> mysqli_sql_exception: Table 'semana7.tbl_libt' doesn't exist in C:\xampp\htdocs\proyectoTresBdd\system\Database\MySQLi\Connection.php:306
Stack trace:
#0 C:\xampp\htdocs\proyectoTresBdd\system\Database\MySQLi\Connection.php(306): mysqli->query('SELECT `a`.`lib...', 0)
#1 C:\xampp\htdocs\proyectoTresBdd\system\Database\BaseConnection.php(693): CodeIgniter\Database\MySQLi\Connection->execute('SELECT `a`.`lib...')
#2 C:\xampp\htdocs\proyectoTresBdd\system\Database\BaseConnection.php(607): CodeIgniter\Database\BaseConnection->simpleQuery('SELECT `a`.`lib...')
#3 C:\xampp\htdocs\proyectoTresBdd\system\Database\BaseBuilder.php(1615): CodeIgniter\Database\BaseConnection->query('SELECT `a`.`lib...', Array, false)
#4 C:\xampp\htdocs\proyectoTresBdd\app\Controllers\Home.php(102): CodeIgniter\Database\BaseBuilder->get()
#5 C:\xampp\htdocs\proyectoTresBdd\system\CodeIgniter.php(942): App\Controllers\Home->obtenerLibros()
#6 C:\xampp\htdocs\proyectoTresBdd\system\CodeIgniter.php(502): CodeIgniter\CodeIgniter->runController(Object(App\Controllers\Home))
#7 C:\xampp\htdocs\proyectoTresBdd\system\CodeIgniter.php(361): CodeIgniter\CodeIgniter->handleRequest(NULL, Object(Config\Cache), false)
#8 C:\xampp\htdocs\proyectoTresBdd\index.php(79): CodeIgniter\CodeIgniter->run()
#9 {main}
CRITICAL - 2023-12-11 21:24:48 --> Table 'semana7.tbl_libt' doesn't exist
in SYSTEMPATH\Database\BaseConnection.php on line 647.
 1 SYSTEMPATH\Database\BaseBuilder.php(1615): CodeIgniter\Database\BaseConnection->query('SELECT `a`.`lib_id`, `a`.`lib_titulo`, `a`.`lib_codigo`, `a`.`lib_precio`, `a`.`lib_resumen`, `b`.`tem_tema`
FROM `tbl_libros` `a`
JOIN `tbl_tema` `b` ON `a`.`tem_id`=`b`.`tem_id`
JOIN `tbl_libt` `c` ON `a`.`lib_id`=`c`.`lib_id`', [], false)
 2 APPPATH\Controllers\Home.php(102): CodeIgniter\Database\BaseBuilder->get()
 3 SYSTEMPATH\CodeIgniter.php(942): App\Controllers\Home->obtenerLibros()
 4 SYSTEMPATH\CodeIgniter.php(502): CodeIgniter\CodeIgniter->runController(Object(App\Controllers\Home))
 5 SYSTEMPATH\CodeIgniter.php(361): CodeIgniter\CodeIgniter->handleRequest(null, Object(Config\Cache), false)
 6 FCPATH\index.php(79): CodeIgniter\CodeIgniter->run()
ERROR - 2023-12-11 21:24:51 --> mysqli_sql_exception: Table 'semana7.tbl_libt' doesn't exist in C:\xampp\htdocs\proyectoTresBdd\system\Database\MySQLi\Connection.php:306
Stack trace:
#0 C:\xampp\htdocs\proyectoTresBdd\system\Database\MySQLi\Connection.php(306): mysqli->query('SELECT `a`.`lib...', 0)
#1 C:\xampp\htdocs\proyectoTresBdd\system\Database\BaseConnection.php(693): CodeIgniter\Database\MySQLi\Connection->execute('SELECT `a`.`lib...')
#2 C:\xampp\htdocs\proyectoTresBdd\system\Database\BaseConnection.php(607): CodeIgniter\Database\BaseConnection->simpleQuery('SELECT `a`.`lib...')
#3 C:\xampp\htdocs\proyectoTresBdd\system\Database\BaseBuilder.php(1615): CodeIgniter\Database\BaseConnection->query('SELECT `a`.`lib...', Array, false)
#4 C:\xampp\htdocs\proyectoTresBdd\app\Controllers\Home.php(102): CodeIgniter\Database\BaseBuilder->get()
#5 C:\xampp\htdocs\proyectoTresBdd\system\CodeIgniter.php(942): App\Controllers\Home->obtenerLibros()
#6 C:\xampp\htdocs\proyectoTresBdd\system\CodeIgniter.php(502): CodeIgniter\CodeIgniter->runController(Object(App\Controllers\Home))
#7 C:\xampp\htdocs\proyectoTresBdd\system\CodeIgniter.php(361): CodeIgniter\CodeIgniter->handleRequest(NULL, Object(Config\Cache), false)
#8 C:\xampp\htdocs\proyectoTresBdd\index.php(79): CodeIgniter\CodeIgniter->run()
#9 {main}
CRITICAL - 2023-12-11 21:24:51 --> Table 'semana7.tbl_libt' doesn't exist
in SYSTEMPATH\Database\BaseConnection.php on line 647.
 1 SYSTEMPATH\Database\BaseBuilder.php(1615): CodeIgniter\Database\BaseConnection->query('SELECT `a`.`lib_id`, `a`.`lib_titulo`, `a`.`lib_codigo`, `a`.`lib_precio`, `a`.`lib_resumen`, `b`.`tem_tema`
FROM `tbl_libros` `a`
JOIN `tbl_tema` `b` ON `a`.`tem_id`=`b`.`tem_id`
JOIN `tbl_libt` `c` ON `a`.`lib_id`=`c`.`lib_id`', [], false)
 2 APPPATH\Controllers\Home.php(102): CodeIgniter\Database\BaseBuilder->get()
 3 SYSTEMPATH\CodeIgniter.php(942): App\Controllers\Home->obtenerLibros()
 4 SYSTEMPATH\CodeIgniter.php(502): CodeIgniter\CodeIgniter->runController(Object(App\Controllers\Home))
 5 SYSTEMPATH\CodeIgniter.php(361): CodeIgniter\CodeIgniter->handleRequest(null, Object(Config\Cache), false)
 6 FCPATH\index.php(79): CodeIgniter\CodeIgniter->run()
ERROR - 2023-12-11 21:24:51 --> mysqli_sql_exception: Table 'semana7.tbl_libt' doesn't exist in C:\xampp\htdocs\proyectoTresBdd\system\Database\MySQLi\Connection.php:306
Stack trace:
#0 C:\xampp\htdocs\proyectoTresBdd\system\Database\MySQLi\Connection.php(306): mysqli->query('SELECT `a`.`lib...', 0)
#1 C:\xampp\htdocs\proyectoTresBdd\system\Database\BaseConnection.php(693): CodeIgniter\Database\MySQLi\Connection->execute('SELECT `a`.`lib...')
#2 C:\xampp\htdocs\proyectoTresBdd\system\Database\BaseConnection.php(607): CodeIgniter\Database\BaseConnection->simpleQuery('SELECT `a`.`lib...')
#3 C:\xampp\htdocs\proyectoTresBdd\system\Database\BaseBuilder.php(1615): CodeIgniter\Database\BaseConnection->query('SELECT `a`.`lib...', Array, false)
#4 C:\xampp\htdocs\proyectoTresBdd\app\Controllers\Home.php(102): CodeIgniter\Database\BaseBuilder->get()
#5 C:\xampp\htdocs\proyectoTresBdd\system\CodeIgniter.php(942): App\Controllers\Home->obtenerLibros()
#6 C:\xampp\htdocs\proyectoTresBdd\system\CodeIgniter.php(502): CodeIgniter\CodeIgniter->runController(Object(App\Controllers\Home))
#7 C:\xampp\htdocs\proyectoTresBdd\system\CodeIgniter.php(361): CodeIgniter\CodeIgniter->handleRequest(NULL, Object(Config\Cache), false)
#8 C:\xampp\htdocs\proyectoTresBdd\index.php(79): CodeIgniter\CodeIgniter->run()
#9 {main}
CRITICAL - 2023-12-11 21:24:51 --> Table 'semana7.tbl_libt' doesn't exist
in SYSTEMPATH\Database\BaseConnection.php on line 647.
 1 SYSTEMPATH\Database\BaseBuilder.php(1615): CodeIgniter\Database\BaseConnection->query('SELECT `a`.`lib_id`, `a`.`lib_titulo`, `a`.`lib_codigo`, `a`.`lib_precio`, `a`.`lib_resumen`, `b`.`tem_tema`
FROM `tbl_libros` `a`
JOIN `tbl_tema` `b` ON `a`.`tem_id`=`b`.`tem_id`
JOIN `tbl_libt` `c` ON `a`.`lib_id`=`c`.`lib_id`', [], false)
 2 APPPATH\Controllers\Home.php(102): CodeIgniter\Database\BaseBuilder->get()
 3 SYSTEMPATH\CodeIgniter.php(942): App\Controllers\Home->obtenerLibros()
 4 SYSTEMPATH\CodeIgniter.php(502): CodeIgniter\CodeIgniter->runController(Object(App\Controllers\Home))
 5 SYSTEMPATH\CodeIgniter.php(361): CodeIgniter\CodeIgniter->handleRequest(null, Object(Config\Cache), false)
 6 FCPATH\index.php(79): CodeIgniter\CodeIgniter->run()
ERROR - 2023-12-11 21:25:35 --> mysqli_sql_exception: Table 'semana7.tbl_libt' doesn't exist in C:\xampp\htdocs\proyectoTresBdd\system\Database\MySQLi\Connection.php:306
Stack trace:
#0 C:\xampp\htdocs\proyectoTresBdd\system\Database\MySQLi\Connection.php(306): mysqli->query('SELECT `a`.`lib...', 0)
#1 C:\xampp\htdocs\proyectoTresBdd\system\Database\BaseConnection.php(693): CodeIgniter\Database\MySQLi\Connection->execute('SELECT `a`.`lib...')
#2 C:\xampp\htdocs\proyectoTresBdd\system\Database\BaseConnection.php(607): CodeIgniter\Database\BaseConnection->simpleQuery('SELECT `a`.`lib...')
#3 C:\xampp\htdocs\proyectoTresBdd\system\Database\BaseBuilder.php(1615): CodeIgniter\Database\BaseConnection->query('SELECT `a`.`lib...', Array, false)
#4 C:\xampp\htdocs\proyectoTresBdd\app\Controllers\Home.php(102): CodeIgniter\Database\BaseBuilder->get()
#5 C:\xampp\htdocs\proyectoTresBdd\system\CodeIgniter.php(942): App\Controllers\Home->obtenerLibros()
#6 C:\xampp\htdocs\proyectoTresBdd\system\CodeIgniter.php(502): CodeIgniter\CodeIgniter->runController(Object(App\Controllers\Home))
#7 C:\xampp\htdocs\proyectoTresBdd\system\CodeIgniter.php(361): CodeIgniter\CodeIgniter->handleRequest(NULL, Object(Config\Cache), false)
#8 C:\xampp\htdocs\proyectoTresBdd\index.php(79): CodeIgniter\CodeIgniter->run()
#9 {main}
CRITICAL - 2023-12-11 21:25:35 --> Table 'semana7.tbl_libt' doesn't exist
in SYSTEMPATH\Database\BaseConnection.php on line 647.
 1 SYSTEMPATH\Database\BaseBuilder.php(1615): CodeIgniter\Database\BaseConnection->query('SELECT `a`.`lib_id`, `a`.`lib_titulo`, `a`.`lib_codigo`, `a`.`lib_precio`, `a`.`lib_resumen`, `b`.`tem_tema`
FROM `tbl_libros` `a`
JOIN `tbl_tema` `b` ON `a`.`tem_id`=`b`.`tem_id`
JOIN `tbl_libt` `c` ON `a`.`lib_id`=`c`.`lib_id`', [], false)
 2 APPPATH\Controllers\Home.php(102): CodeIgniter\Database\BaseBuilder->get()
 3 SYSTEMPATH\CodeIgniter.php(942): App\Controllers\Home->obtenerLibros()
 4 SYSTEMPATH\CodeIgniter.php(502): CodeIgniter\CodeIgniter->runController(Object(App\Controllers\Home))
 5 SYSTEMPATH\CodeIgniter.php(361): CodeIgniter\CodeIgniter->handleRequest(null, Object(Config\Cache), false)
 6 FCPATH\index.php(79): CodeIgniter\CodeIgniter->run()
ERROR - 2023-12-11 21:25:35 --> mysqli_sql_exception: Table 'semana7.tbl_libt' doesn't exist in C:\xampp\htdocs\proyectoTresBdd\system\Database\MySQLi\Connection.php:306
Stack trace:
#0 C:\xampp\htdocs\proyectoTresBdd\system\Database\MySQLi\Connection.php(306): mysqli->query('SELECT `a`.`lib...', 0)
#1 C:\xampp\htdocs\proyectoTresBdd\system\Database\BaseConnection.php(693): CodeIgniter\Database\MySQLi\Connection->execute('SELECT `a`.`lib...')
#2 C:\xampp\htdocs\proyectoTresBdd\system\Database\BaseConnection.php(607): CodeIgniter\Database\BaseConnection->simpleQuery('SELECT `a`.`lib...')
#3 C:\xampp\htdocs\proyectoTresBdd\system\Database\BaseBuilder.php(1615): CodeIgniter\Database\BaseConnection->query('SELECT `a`.`lib...', Array, false)
#4 C:\xampp\htdocs\proyectoTresBdd\app\Controllers\Home.php(102): CodeIgniter\Database\BaseBuilder->get()
#5 C:\xampp\htdocs\proyectoTresBdd\system\CodeIgniter.php(942): App\Controllers\Home->obtenerLibros()
#6 C:\xampp\htdocs\proyectoTresBdd\system\CodeIgniter.php(502): CodeIgniter\CodeIgniter->runController(Object(App\Controllers\Home))
#7 C:\xampp\htdocs\proyectoTresBdd\system\CodeIgniter.php(361): CodeIgniter\CodeIgniter->handleRequest(NULL, Object(Config\Cache), false)
#8 C:\xampp\htdocs\proyectoTresBdd\index.php(79): CodeIgniter\CodeIgniter->run()
#9 {main}
CRITICAL - 2023-12-11 21:25:35 --> Table 'semana7.tbl_libt' doesn't exist
in SYSTEMPATH\Database\BaseConnection.php on line 647.
 1 SYSTEMPATH\Database\BaseBuilder.php(1615): CodeIgniter\Database\BaseConnection->query('SELECT `a`.`lib_id`, `a`.`lib_titulo`, `a`.`lib_codigo`, `a`.`lib_precio`, `a`.`lib_resumen`, `b`.`tem_tema`
FROM `tbl_libros` `a`
JOIN `tbl_tema` `b` ON `a`.`tem_id`=`b`.`tem_id`
JOIN `tbl_libt` `c` ON `a`.`lib_id`=`c`.`lib_id`', [], false)
 2 APPPATH\Controllers\Home.php(102): CodeIgniter\Database\BaseBuilder->get()
 3 SYSTEMPATH\CodeIgniter.php(942): App\Controllers\Home->obtenerLibros()
 4 SYSTEMPATH\CodeIgniter.php(502): CodeIgniter\CodeIgniter->runController(Object(App\Controllers\Home))
 5 SYSTEMPATH\CodeIgniter.php(361): CodeIgniter\CodeIgniter->handleRequest(null, Object(Config\Cache), false)
 6 FCPATH\index.php(79): CodeIgniter\CodeIgniter->run()
ERROR - 2023-12-11 21:25:57 --> mysqli_sql_exception: Table 'semana7.tbl_libt' doesn't exist in C:\xampp\htdocs\proyectoTresBdd\system\Database\MySQLi\Connection.php:306
Stack trace:
#0 C:\xampp\htdocs\proyectoTresBdd\system\Database\MySQLi\Connection.php(306): mysqli->query('SELECT `a`.`lib...', 0)
#1 C:\xampp\htdocs\proyectoTresBdd\system\Database\BaseConnection.php(693): CodeIgniter\Database\MySQLi\Connection->execute('SELECT `a`.`lib...')
#2 C:\xampp\htdocs\proyectoTresBdd\system\Database\BaseConnection.php(607): CodeIgniter\Database\BaseConnection->simpleQuery('SELECT `a`.`lib...')
#3 C:\xampp\htdocs\proyectoTresBdd\system\Database\BaseBuilder.php(1615): CodeIgniter\Database\BaseConnection->query('SELECT `a`.`lib...', Array, false)
#4 C:\xampp\htdocs\proyectoTresBdd\app\Controllers\Home.php(102): CodeIgniter\Database\BaseBuilder->get()
#5 C:\xampp\htdocs\proyectoTresBdd\system\CodeIgniter.php(942): App\Controllers\Home->obtenerLibros()
#6 C:\xampp\htdocs\proyectoTresBdd\system\CodeIgniter.php(502): CodeIgniter\CodeIgniter->runController(Object(App\Controllers\Home))
#7 C:\xampp\htdocs\proyectoTresBdd\system\CodeIgniter.php(361): CodeIgniter\CodeIgniter->handleRequest(NULL, Object(Config\Cache), false)
#8 C:\xampp\htdocs\proyectoTresBdd\index.php(79): CodeIgniter\CodeIgniter->run()
#9 {main}
CRITICAL - 2023-12-11 21:25:57 --> Table 'semana7.tbl_libt' doesn't exist
in SYSTEMPATH\Database\BaseConnection.php on line 647.
 1 SYSTEMPATH\Database\BaseBuilder.php(1615): CodeIgniter\Database\BaseConnection->query('SELECT `a`.`lib_id`, `a`.`lib_titulo`, `a`.`lib_codigo`, `a`.`lib_precio`, `a`.`lib_resumen`, `b`.`tem_tema`
FROM `tbl_libros` `a`
JOIN `tbl_tema` `b` ON `a`.`tem_id`=`b`.`tem_id`
JOIN `tbl_libt` `c` ON `a`.`lib_id`=`c`.`lib_id`', [], false)
 2 APPPATH\Controllers\Home.php(102): CodeIgniter\Database\BaseBuilder->get()
 3 SYSTEMPATH\CodeIgniter.php(942): App\Controllers\Home->obtenerLibros()
 4 SYSTEMPATH\CodeIgniter.php(502): CodeIgniter\CodeIgniter->runController(Object(App\Controllers\Home))
 5 SYSTEMPATH\CodeIgniter.php(361): CodeIgniter\CodeIgniter->handleRequest(null, Object(Config\Cache), false)
 6 FCPATH\index.php(79): CodeIgniter\CodeIgniter->run()
ERROR - 2023-12-11 21:25:57 --> mysqli_sql_exception: Table 'semana7.tbl_libt' doesn't exist in C:\xampp\htdocs\proyectoTresBdd\system\Database\MySQLi\Connection.php:306
Stack trace:
#0 C:\xampp\htdocs\proyectoTresBdd\system\Database\MySQLi\Connection.php(306): mysqli->query('SELECT `a`.`lib...', 0)
#1 C:\xampp\htdocs\proyectoTresBdd\system\Database\BaseConnection.php(693): CodeIgniter\Database\MySQLi\Connection->execute('SELECT `a`.`lib...')
#2 C:\xampp\htdocs\proyectoTresBdd\system\Database\BaseConnection.php(607): CodeIgniter\Database\BaseConnection->simpleQuery('SELECT `a`.`lib...')
#3 C:\xampp\htdocs\proyectoTresBdd\system\Database\BaseBuilder.php(1615): CodeIgniter\Database\BaseConnection->query('SELECT `a`.`lib...', Array, false)
#4 C:\xampp\htdocs\proyectoTresBdd\app\Controllers\Home.php(102): CodeIgniter\Database\BaseBuilder->get()
#5 C:\xampp\htdocs\proyectoTresBdd\system\CodeIgniter.php(942): App\Controllers\Home->obtenerLibros()
#6 C:\xampp\htdocs\proyectoTresBdd\system\CodeIgniter.php(502): CodeIgniter\CodeIgniter->runController(Object(App\Controllers\Home))
#7 C:\xampp\htdocs\proyectoTresBdd\system\CodeIgniter.php(361): CodeIgniter\CodeIgniter->handleRequest(NULL, Object(Config\Cache), false)
#8 C:\xampp\htdocs\proyectoTresBdd\index.php(79): CodeIgniter\CodeIgniter->run()
#9 {main}
CRITICAL - 2023-12-11 21:25:57 --> Table 'semana7.tbl_libt' doesn't exist
in SYSTEMPATH\Database\BaseConnection.php on line 647.
 1 SYSTEMPATH\Database\BaseBuilder.php(1615): CodeIgniter\Database\BaseConnection->query('SELECT `a`.`lib_id`, `a`.`lib_titulo`, `a`.`lib_codigo`, `a`.`lib_precio`, `a`.`lib_resumen`, `b`.`tem_tema`
FROM `tbl_libros` `a`
JOIN `tbl_tema` `b` ON `a`.`tem_id`=`b`.`tem_id`
JOIN `tbl_libt` `c` ON `a`.`lib_id`=`c`.`lib_id`', [], false)
 2 APPPATH\Controllers\Home.php(102): CodeIgniter\Database\BaseBuilder->get()
 3 SYSTEMPATH\CodeIgniter.php(942): App\Controllers\Home->obtenerLibros()
 4 SYSTEMPATH\CodeIgniter.php(502): CodeIgniter\CodeIgniter->runController(Object(App\Controllers\Home))
 5 SYSTEMPATH\CodeIgniter.php(361): CodeIgniter\CodeIgniter->handleRequest(null, Object(Config\Cache), false)
 6 FCPATH\index.php(79): CodeIgniter\CodeIgniter->run()
ERROR - 2023-12-11 21:26:29 --> mysqli_sql_exception: Table 'semana7.tbl_libt' doesn't exist in C:\xampp\htdocs\proyectoTresBdd\system\Database\MySQLi\Connection.php:306
Stack trace:
#0 C:\xampp\htdocs\proyectoTresBdd\system\Database\MySQLi\Connection.php(306): mysqli->query('SELECT `a`.`lib...', 0)
#1 C:\xampp\htdocs\proyectoTresBdd\system\Database\BaseConnection.php(693): CodeIgniter\Database\MySQLi\Connection->execute('SELECT `a`.`lib...')
#2 C:\xampp\htdocs\proyectoTresBdd\system\Database\BaseConnection.php(607): CodeIgniter\Database\BaseConnection->simpleQuery('SELECT `a`.`lib...')
#3 C:\xampp\htdocs\proyectoTresBdd\system\Database\BaseBuilder.php(1615): CodeIgniter\Database\BaseConnection->query('SELECT `a`.`lib...', Array, false)
#4 C:\xampp\htdocs\proyectoTresBdd\app\Controllers\Home.php(102): CodeIgniter\Database\BaseBuilder->get()
#5 C:\xampp\htdocs\proyectoTresBdd\system\CodeIgniter.php(942): App\Controllers\Home->obtenerLibros()
#6 C:\xampp\htdocs\proyectoTresBdd\system\CodeIgniter.php(502): CodeIgniter\CodeIgniter->runController(Object(App\Controllers\Home))
#7 C:\xampp\htdocs\proyectoTresBdd\system\CodeIgniter.php(361): CodeIgniter\CodeIgniter->handleRequest(NULL, Object(Config\Cache), false)
#8 C:\xampp\htdocs\proyectoTresBdd\index.php(79): CodeIgniter\CodeIgniter->run()
#9 {main}
CRITICAL - 2023-12-11 21:26:29 --> Table 'semana7.tbl_libt' doesn't exist
in SYSTEMPATH\Database\BaseConnection.php on line 647.
 1 SYSTEMPATH\Database\BaseBuilder.php(1615): CodeIgniter\Database\BaseConnection->query('SELECT `a`.`lib_id`, `a`.`lib_titulo`, `a`.`lib_codigo`, `a`.`lib_precio`, `a`.`lib_resumen`, `b`.`tem_tema`
FROM `tbl_libros` `a`
JOIN `tbl_tema` `b` ON `a`.`tem_id`=`b`.`tem_id`
JOIN `tbl_libt` `c` ON `a`.`lib_id`=`c`.`lib_id`', [], false)
 2 APPPATH\Controllers\Home.php(102): CodeIgniter\Database\BaseBuilder->get()
 3 SYSTEMPATH\CodeIgniter.php(942): App\Controllers\Home->obtenerLibros()
 4 SYSTEMPATH\CodeIgniter.php(502): CodeIgniter\CodeIgniter->runController(Object(App\Controllers\Home))
 5 SYSTEMPATH\CodeIgniter.php(361): CodeIgniter\CodeIgniter->handleRequest(null, Object(Config\Cache), false)
 6 FCPATH\index.php(79): CodeIgniter\CodeIgniter->run()
ERROR - 2023-12-11 21:26:29 --> mysqli_sql_exception: Table 'semana7.tbl_libt' doesn't exist in C:\xampp\htdocs\proyectoTresBdd\system\Database\MySQLi\Connection.php:306
Stack trace:
#0 C:\xampp\htdocs\proyectoTresBdd\system\Database\MySQLi\Connection.php(306): mysqli->query('SELECT `a`.`lib...', 0)
#1 C:\xampp\htdocs\proyectoTresBdd\system\Database\BaseConnection.php(693): CodeIgniter\Database\MySQLi\Connection->execute('SELECT `a`.`lib...')
#2 C:\xampp\htdocs\proyectoTresBdd\system\Database\BaseConnection.php(607): CodeIgniter\Database\BaseConnection->simpleQuery('SELECT `a`.`lib...')
#3 C:\xampp\htdocs\proyectoTresBdd\system\Database\BaseBuilder.php(1615): CodeIgniter\Database\BaseConnection->query('SELECT `a`.`lib...', Array, false)
#4 C:\xampp\htdocs\proyectoTresBdd\app\Controllers\Home.php(102): CodeIgniter\Database\BaseBuilder->get()
#5 C:\xampp\htdocs\proyectoTresBdd\system\CodeIgniter.php(942): App\Controllers\Home->obtenerLibros()
#6 C:\xampp\htdocs\proyectoTresBdd\system\CodeIgniter.php(502): CodeIgniter\CodeIgniter->runController(Object(App\Controllers\Home))
#7 C:\xampp\htdocs\proyectoTresBdd\system\CodeIgniter.php(361): CodeIgniter\CodeIgniter->handleRequest(NULL, Object(Config\Cache), false)
#8 C:\xampp\htdocs\proyectoTresBdd\index.php(79): CodeIgniter\CodeIgniter->run()
#9 {main}
CRITICAL - 2023-12-11 21:26:29 --> Table 'semana7.tbl_libt' doesn't exist
in SYSTEMPATH\Database\BaseConnection.php on line 647.
 1 SYSTEMPATH\Database\BaseBuilder.php(1615): CodeIgniter\Database\BaseConnection->query('SELECT `a`.`lib_id`, `a`.`lib_titulo`, `a`.`lib_codigo`, `a`.`lib_precio`, `a`.`lib_resumen`, `b`.`tem_tema`
FROM `tbl_libros` `a`
JOIN `tbl_tema` `b` ON `a`.`tem_id`=`b`.`tem_id`
JOIN `tbl_libt` `c` ON `a`.`lib_id`=`c`.`lib_id`', [], false)
 2 APPPATH\Controllers\Home.php(102): CodeIgniter\Database\BaseBuilder->get()
 3 SYSTEMPATH\CodeIgniter.php(942): App\Controllers\Home->obtenerLibros()
 4 SYSTEMPATH\CodeIgniter.php(502): CodeIgniter\CodeIgniter->runController(Object(App\Controllers\Home))
 5 SYSTEMPATH\CodeIgniter.php(361): CodeIgniter\CodeIgniter->handleRequest(null, Object(Config\Cache), false)
 6 FCPATH\index.php(79): CodeIgniter\CodeIgniter->run()
ERROR - 2023-12-11 21:26:34 --> mysqli_sql_exception: Table 'semana7.tbl_libt' doesn't exist in C:\xampp\htdocs\proyectoTresBdd\system\Database\MySQLi\Connection.php:306
Stack trace:
#0 C:\xampp\htdocs\proyectoTresBdd\system\Database\MySQLi\Connection.php(306): mysqli->query('SELECT `a`.`lib...', 0)
#1 C:\xampp\htdocs\proyectoTresBdd\system\Database\BaseConnection.php(693): CodeIgniter\Database\MySQLi\Connection->execute('SELECT `a`.`lib...')
#2 C:\xampp\htdocs\proyectoTresBdd\system\Database\BaseConnection.php(607): CodeIgniter\Database\BaseConnection->simpleQuery('SELECT `a`.`lib...')
#3 C:\xampp\htdocs\proyectoTresBdd\system\Database\BaseBuilder.php(1615): CodeIgniter\Database\BaseConnection->query('SELECT `a`.`lib...', Array, false)
#4 C:\xampp\htdocs\proyectoTresBdd\app\Controllers\Home.php(102): CodeIgniter\Database\BaseBuilder->get()
#5 C:\xampp\htdocs\proyectoTresBdd\system\CodeIgniter.php(942): App\Controllers\Home->obtenerLibros()
#6 C:\xampp\htdocs\proyectoTresBdd\system\CodeIgniter.php(502): CodeIgniter\CodeIgniter->runController(Object(App\Controllers\Home))
#7 C:\xampp\htdocs\proyectoTresBdd\system\CodeIgniter.php(361): CodeIgniter\CodeIgniter->handleRequest(NULL, Object(Config\Cache), false)
#8 C:\xampp\htdocs\proyectoTresBdd\index.php(79): CodeIgniter\CodeIgniter->run()
#9 {main}
ERROR - 2023-12-11 21:26:34 --> mysqli_sql_exception: Table 'semana7.tbl_libt' doesn't exist in C:\xampp\htdocs\proyectoTresBdd\system\Database\MySQLi\Connection.php:306
Stack trace:
#0 C:\xampp\htdocs\proyectoTresBdd\system\Database\MySQLi\Connection.php(306): mysqli->query('SELECT `a`.`lib...', 0)
#1 C:\xampp\htdocs\proyectoTresBdd\system\Database\BaseConnection.php(693): CodeIgniter\Database\MySQLi\Connection->execute('SELECT `a`.`lib...')
#2 C:\xampp\htdocs\proyectoTresBdd\system\Database\BaseConnection.php(607): CodeIgniter\Database\BaseConnection->simpleQuery('SELECT `a`.`lib...')
#3 C:\xampp\htdocs\proyectoTresBdd\system\Database\BaseBuilder.php(1615): CodeIgniter\Database\BaseConnection->query('SELECT `a`.`lib...', Array, false)
#4 C:\xampp\htdocs\proyectoTresBdd\app\Controllers\Home.php(102): CodeIgniter\Database\BaseBuilder->get()
#5 C:\xampp\htdocs\proyectoTresBdd\system\CodeIgniter.php(942): App\Controllers\Home->obtenerLibros()
#6 C:\xampp\htdocs\proyectoTresBdd\system\CodeIgniter.php(502): CodeIgniter\CodeIgniter->runController(Object(App\Controllers\Home))
#7 C:\xampp\htdocs\proyectoTresBdd\system\CodeIgniter.php(361): CodeIgniter\CodeIgniter->handleRequest(NULL, Object(Config\Cache), false)
#8 C:\xampp\htdocs\proyectoTresBdd\index.php(79): CodeIgniter\CodeIgniter->run()
#9 {main}
CRITICAL - 2023-12-11 21:26:34 --> Table 'semana7.tbl_libt' doesn't exist
in SYSTEMPATH\Database\BaseConnection.php on line 647.
 1 SYSTEMPATH\Database\BaseBuilder.php(1615): CodeIgniter\Database\BaseConnection->query('SELECT `a`.`lib_id`, `a`.`lib_titulo`, `a`.`lib_codigo`, `a`.`lib_precio`, `a`.`lib_resumen`, `b`.`tem_tema`
FROM `tbl_libros` `a`
JOIN `tbl_tema` `b` ON `a`.`tem_id`=`b`.`tem_id`
JOIN `tbl_libt` `c` ON `a`.`lib_id`=`c`.`lib_id`', [], false)
 2 APPPATH\Controllers\Home.php(102): CodeIgniter\Database\BaseBuilder->get()
 3 SYSTEMPATH\CodeIgniter.php(942): App\Controllers\Home->obtenerLibros()
 4 SYSTEMPATH\CodeIgniter.php(502): CodeIgniter\CodeIgniter->runController(Object(App\Controllers\Home))
 5 SYSTEMPATH\CodeIgniter.php(361): CodeIgniter\CodeIgniter->handleRequest(null, Object(Config\Cache), false)
 6 FCPATH\index.php(79): CodeIgniter\CodeIgniter->run()
CRITICAL - 2023-12-11 21:26:34 --> Table 'semana7.tbl_libt' doesn't exist
in SYSTEMPATH\Database\BaseConnection.php on line 647.
 1 SYSTEMPATH\Database\BaseBuilder.php(1615): CodeIgniter\Database\BaseConnection->query('SELECT `a`.`lib_id`, `a`.`lib_titulo`, `a`.`lib_codigo`, `a`.`lib_precio`, `a`.`lib_resumen`, `b`.`tem_tema`
FROM `tbl_libros` `a`
JOIN `tbl_tema` `b` ON `a`.`tem_id`=`b`.`tem_id`
JOIN `tbl_libt` `c` ON `a`.`lib_id`=`c`.`lib_id`', [], false)
 2 APPPATH\Controllers\Home.php(102): CodeIgniter\Database\BaseBuilder->get()
 3 SYSTEMPATH\CodeIgniter.php(942): App\Controllers\Home->obtenerLibros()
 4 SYSTEMPATH\CodeIgniter.php(502): CodeIgniter\CodeIgniter->runController(Object(App\Controllers\Home))
 5 SYSTEMPATH\CodeIgniter.php(361): CodeIgniter\CodeIgniter->handleRequest(null, Object(Config\Cache), false)
 6 FCPATH\index.php(79): CodeIgniter\CodeIgniter->run()
CRITICAL - 2023-12-11 21:29:04 --> Undefined array key "id"
in APPPATH\Controllers\Home.php on line 86.
 1 APPPATH\Controllers\Home.php(86): CodeIgniter\Debug\Exceptions->errorHandler(2, 'Undefined array key "id"', 'C:\\xampp\\htdocs\\proyectoTresBdd\\app\\Controllers\\Home.php', 86)
 2 SYSTEMPATH\CodeIgniter.php(942): App\Controllers\Home->obtenerLibros()
 3 SYSTEMPATH\CodeIgniter.php(502): CodeIgniter\CodeIgniter->runController(Object(App\Controllers\Home))
 4 SYSTEMPATH\CodeIgniter.php(361): CodeIgniter\CodeIgniter->handleRequest(null, Object(Config\Cache), false)
 5 FCPATH\index.php(79): CodeIgniter\CodeIgniter->run()
ERROR - 2023-12-11 21:29:04 --> mysqli_sql_exception: Table 'semana7.tbl_libt' doesn't exist in C:\xampp\htdocs\proyectoTresBdd\system\Database\MySQLi\Connection.php:306
Stack trace:
#0 C:\xampp\htdocs\proyectoTresBdd\system\Database\MySQLi\Connection.php(306): mysqli->query('SELECT `a`.`lib...', 0)
#1 C:\xampp\htdocs\proyectoTresBdd\system\Database\BaseConnection.php(693): CodeIgniter\Database\MySQLi\Connection->execute('SELECT `a`.`lib...')
#2 C:\xampp\htdocs\proyectoTresBdd\system\Database\BaseConnection.php(607): CodeIgniter\Database\BaseConnection->simpleQuery('SELECT `a`.`lib...')
#3 C:\xampp\htdocs\proyectoTresBdd\system\Database\BaseBuilder.php(1615): CodeIgniter\Database\BaseConnection->query('SELECT `a`.`lib...', Array, false)
#4 C:\xampp\htdocs\proyectoTresBdd\app\Controllers\Home.php(102): CodeIgniter\Database\BaseBuilder->get()
#5 C:\xampp\htdocs\proyectoTresBdd\system\CodeIgniter.php(942): App\Controllers\Home->obtenerLibros()
#6 C:\xampp\htdocs\proyectoTresBdd\system\CodeIgniter.php(502): CodeIgniter\CodeIgniter->runController(Object(App\Controllers\Home))
#7 C:\xampp\htdocs\proyectoTresBdd\system\CodeIgniter.php(361): CodeIgniter\CodeIgniter->handleRequest(NULL, Object(Config\Cache), false)
#8 C:\xampp\htdocs\proyectoTresBdd\index.php(79): CodeIgniter\CodeIgniter->run()
#9 {main}
ERROR - 2023-12-11 21:29:04 --> mysqli_sql_exception: Table 'semana7.tbl_libt' doesn't exist in C:\xampp\htdocs\proyectoTresBdd\system\Database\MySQLi\Connection.php:306
Stack trace:
#0 C:\xampp\htdocs\proyectoTresBdd\system\Database\MySQLi\Connection.php(306): mysqli->query('SELECT `a`.`lib...', 0)
#1 C:\xampp\htdocs\proyectoTresBdd\system\Database\BaseConnection.php(693): CodeIgniter\Database\MySQLi\Connection->execute('SELECT `a`.`lib...')
#2 C:\xampp\htdocs\proyectoTresBdd\system\Database\BaseConnection.php(607): CodeIgniter\Database\BaseConnection->simpleQuery('SELECT `a`.`lib...')
#3 C:\xampp\htdocs\proyectoTresBdd\system\Database\BaseBuilder.php(1615): CodeIgniter\Database\BaseConnection->query('SELECT `a`.`lib...', Array, false)
#4 C:\xampp\htdocs\proyectoTresBdd\app\Controllers\Home.php(102): CodeIgniter\Database\BaseBuilder->get()
#5 C:\xampp\htdocs\proyectoTresBdd\system\CodeIgniter.php(942): App\Controllers\Home->obtenerLibros()
#6 C:\xampp\htdocs\proyectoTresBdd\system\CodeIgniter.php(502): CodeIgniter\CodeIgniter->runController(Object(App\Controllers\Home))
#7 C:\xampp\htdocs\proyectoTresBdd\system\CodeIgniter.php(361): CodeIgniter\CodeIgniter->handleRequest(NULL, Object(Config\Cache), false)
#8 C:\xampp\htdocs\proyectoTresBdd\index.php(79): CodeIgniter\CodeIgniter->run()
#9 {main}
CRITICAL - 2023-12-11 21:29:04 --> Table 'semana7.tbl_libt' doesn't exist
in SYSTEMPATH\Database\BaseConnection.php on line 647.
 1 SYSTEMPATH\Database\BaseBuilder.php(1615): CodeIgniter\Database\BaseConnection->query('SELECT `a`.`lib_id`, `a`.`lib_titulo`, `a`.`lib_codigo`, `a`.`lib_precio`, `a`.`lib_resumen`, `b`.`tem_tema`
FROM `tbl_libros` `a`
JOIN `tbl_tema` `b` ON `a`.`tem_id`=`b`.`tem_id`
JOIN `tbl_libt` `c` ON `a`.`lib_id`=`c`.`lib_id`', [], false)
 2 APPPATH\Controllers\Home.php(102): CodeIgniter\Database\BaseBuilder->get()
 3 SYSTEMPATH\CodeIgniter.php(942): App\Controllers\Home->obtenerLibros()
 4 SYSTEMPATH\CodeIgniter.php(502): CodeIgniter\CodeIgniter->runController(Object(App\Controllers\Home))
 5 SYSTEMPATH\CodeIgniter.php(361): CodeIgniter\CodeIgniter->handleRequest(null, Object(Config\Cache), false)
 6 FCPATH\index.php(79): CodeIgniter\CodeIgniter->run()
CRITICAL - 2023-12-11 21:29:04 --> Table 'semana7.tbl_libt' doesn't exist
in SYSTEMPATH\Database\BaseConnection.php on line 647.
 1 SYSTEMPATH\Database\BaseBuilder.php(1615): CodeIgniter\Database\BaseConnection->query('SELECT `a`.`lib_id`, `a`.`lib_titulo`, `a`.`lib_codigo`, `a`.`lib_precio`, `a`.`lib_resumen`, `b`.`tem_tema`
FROM `tbl_libros` `a`
JOIN `tbl_tema` `b` ON `a`.`tem_id`=`b`.`tem_id`
JOIN `tbl_libt` `c` ON `a`.`lib_id`=`c`.`lib_id`', [], false)
 2 APPPATH\Controllers\Home.php(102): CodeIgniter\Database\BaseBuilder->get()
 3 SYSTEMPATH\CodeIgniter.php(942): App\Controllers\Home->obtenerLibros()
 4 SYSTEMPATH\CodeIgniter.php(502): CodeIgniter\CodeIgniter->runController(Object(App\Controllers\Home))
 5 SYSTEMPATH\CodeIgniter.php(361): CodeIgniter\CodeIgniter->handleRequest(null, Object(Config\Cache), false)
 6 FCPATH\index.php(79): CodeIgniter\CodeIgniter->run()
CRITICAL - 2023-12-11 21:29:26 --> Undefined array key "id"
in APPPATH\Controllers\Home.php on line 86.
 1 APPPATH\Controllers\Home.php(86): CodeIgniter\Debug\Exceptions->errorHandler(2, 'Undefined array key "id"', 'C:\\xampp\\htdocs\\proyectoTresBdd\\app\\Controllers\\Home.php', 86)
 2 SYSTEMPATH\CodeIgniter.php(942): App\Controllers\Home->obtenerLibros()
 3 SYSTEMPATH\CodeIgniter.php(502): CodeIgniter\CodeIgniter->runController(Object(App\Controllers\Home))
 4 SYSTEMPATH\CodeIgniter.php(361): CodeIgniter\CodeIgniter->handleRequest(null, Object(Config\Cache), false)
 5 FCPATH\index.php(79): CodeIgniter\CodeIgniter->run()
ERROR - 2023-12-11 21:29:26 --> mysqli_sql_exception: Table 'semana7.tbl_libt' doesn't exist in C:\xampp\htdocs\proyectoTresBdd\system\Database\MySQLi\Connection.php:306
Stack trace:
#0 C:\xampp\htdocs\proyectoTresBdd\system\Database\MySQLi\Connection.php(306): mysqli->query('SELECT `a`.`lib...', 0)
#1 C:\xampp\htdocs\proyectoTresBdd\system\Database\BaseConnection.php(693): CodeIgniter\Database\MySQLi\Connection->execute('SELECT `a`.`lib...')
#2 C:\xampp\htdocs\proyectoTresBdd\system\Database\BaseConnection.php(607): CodeIgniter\Database\BaseConnection->simpleQuery('SELECT `a`.`lib...')
#3 C:\xampp\htdocs\proyectoTresBdd\system\Database\BaseBuilder.php(1615): CodeIgniter\Database\BaseConnection->query('SELECT `a`.`lib...', Array, false)
#4 C:\xampp\htdocs\proyectoTresBdd\app\Controllers\Home.php(102): CodeIgniter\Database\BaseBuilder->get()
#5 C:\xampp\htdocs\proyectoTresBdd\system\CodeIgniter.php(942): App\Controllers\Home->obtenerLibros()
#6 C:\xampp\htdocs\proyectoTresBdd\system\CodeIgniter.php(502): CodeIgniter\CodeIgniter->runController(Object(App\Controllers\Home))
#7 C:\xampp\htdocs\proyectoTresBdd\system\CodeIgniter.php(361): CodeIgniter\CodeIgniter->handleRequest(NULL, Object(Config\Cache), false)
#8 C:\xampp\htdocs\proyectoTresBdd\index.php(79): CodeIgniter\CodeIgniter->run()
#9 {main}
CRITICAL - 2023-12-11 21:29:26 --> Table 'semana7.tbl_libt' doesn't exist
in SYSTEMPATH\Database\BaseConnection.php on line 647.
 1 SYSTEMPATH\Database\BaseBuilder.php(1615): CodeIgniter\Database\BaseConnection->query('SELECT `a`.`lib_id`, `a`.`lib_titulo`, `a`.`lib_codigo`, `a`.`lib_precio`, `a`.`lib_resumen`, `b`.`tem_tema`
FROM `tbl_libros` `a`
JOIN `tbl_tema` `b` ON `a`.`tem_id`=`b`.`tem_id`
JOIN `tbl_libt` `c` ON `a`.`lib_id`=`c`.`lib_id`', [], false)
 2 APPPATH\Controllers\Home.php(102): CodeIgniter\Database\BaseBuilder->get()
 3 SYSTEMPATH\CodeIgniter.php(942): App\Controllers\Home->obtenerLibros()
 4 SYSTEMPATH\CodeIgniter.php(502): CodeIgniter\CodeIgniter->runController(Object(App\Controllers\Home))
 5 SYSTEMPATH\CodeIgniter.php(361): CodeIgniter\CodeIgniter->handleRequest(null, Object(Config\Cache), false)
 6 FCPATH\index.php(79): CodeIgniter\CodeIgniter->run()
ERROR - 2023-12-11 21:29:26 --> mysqli_sql_exception: Table 'semana7.tbl_libt' doesn't exist in C:\xampp\htdocs\proyectoTresBdd\system\Database\MySQLi\Connection.php:306
Stack trace:
#0 C:\xampp\htdocs\proyectoTresBdd\system\Database\MySQLi\Connection.php(306): mysqli->query('SELECT `a`.`lib...', 0)
#1 C:\xampp\htdocs\proyectoTresBdd\system\Database\BaseConnection.php(693): CodeIgniter\Database\MySQLi\Connection->execute('SELECT `a`.`lib...')
#2 C:\xampp\htdocs\proyectoTresBdd\system\Database\BaseConnection.php(607): CodeIgniter\Database\BaseConnection->simpleQuery('SELECT `a`.`lib...')
#3 C:\xampp\htdocs\proyectoTresBdd\system\Database\BaseBuilder.php(1615): CodeIgniter\Database\BaseConnection->query('SELECT `a`.`lib...', Array, false)
#4 C:\xampp\htdocs\proyectoTresBdd\app\Controllers\Home.php(102): CodeIgniter\Database\BaseBuilder->get()
#5 C:\xampp\htdocs\proyectoTresBdd\system\CodeIgniter.php(942): App\Controllers\Home->obtenerLibros()
#6 C:\xampp\htdocs\proyectoTresBdd\system\CodeIgniter.php(502): CodeIgniter\CodeIgniter->runController(Object(App\Controllers\Home))
#7 C:\xampp\htdocs\proyectoTresBdd\system\CodeIgniter.php(361): CodeIgniter\CodeIgniter->handleRequest(NULL, Object(Config\Cache), false)
#8 C:\xampp\htdocs\proyectoTresBdd\index.php(79): CodeIgniter\CodeIgniter->run()
#9 {main}
CRITICAL - 2023-12-11 21:29:26 --> Table 'semana7.tbl_libt' doesn't exist
in SYSTEMPATH\Database\BaseConnection.php on line 647.
 1 SYSTEMPATH\Database\BaseBuilder.php(1615): CodeIgniter\Database\BaseConnection->query('SELECT `a`.`lib_id`, `a`.`lib_titulo`, `a`.`lib_codigo`, `a`.`lib_precio`, `a`.`lib_resumen`, `b`.`tem_tema`
FROM `tbl_libros` `a`
JOIN `tbl_tema` `b` ON `a`.`tem_id`=`b`.`tem_id`
JOIN `tbl_libt` `c` ON `a`.`lib_id`=`c`.`lib_id`', [], false)
 2 APPPATH\Controllers\Home.php(102): CodeIgniter\Database\BaseBuilder->get()
 3 SYSTEMPATH\CodeIgniter.php(942): App\Controllers\Home->obtenerLibros()
 4 SYSTEMPATH\CodeIgniter.php(502): CodeIgniter\CodeIgniter->runController(Object(App\Controllers\Home))
 5 SYSTEMPATH\CodeIgniter.php(361): CodeIgniter\CodeIgniter->handleRequest(null, Object(Config\Cache), false)
 6 FCPATH\index.php(79): CodeIgniter\CodeIgniter->run()
CRITICAL - 2023-12-11 21:29:53 --> Undefined array key "id"
in APPPATH\Controllers\Home.php on line 86.
 1 APPPATH\Controllers\Home.php(86): CodeIgniter\Debug\Exceptions->errorHandler(2, 'Undefined array key "id"', 'C:\\xampp\\htdocs\\proyectoTresBdd\\app\\Controllers\\Home.php', 86)
 2 SYSTEMPATH\CodeIgniter.php(942): App\Controllers\Home->obtenerLibros()
 3 SYSTEMPATH\CodeIgniter.php(502): CodeIgniter\CodeIgniter->runController(Object(App\Controllers\Home))
 4 SYSTEMPATH\CodeIgniter.php(361): CodeIgniter\CodeIgniter->handleRequest(null, Object(Config\Cache), false)
 5 FCPATH\index.php(79): CodeIgniter\CodeIgniter->run()
ERROR - 2023-12-11 21:29:53 --> mysqli_sql_exception: Table 'semana7.tbl_libt' doesn't exist in C:\xampp\htdocs\proyectoTresBdd\system\Database\MySQLi\Connection.php:306
Stack trace:
#0 C:\xampp\htdocs\proyectoTresBdd\system\Database\MySQLi\Connection.php(306): mysqli->query('SELECT `a`.`lib...', 0)
#1 C:\xampp\htdocs\proyectoTresBdd\system\Database\BaseConnection.php(693): CodeIgniter\Database\MySQLi\Connection->execute('SELECT `a`.`lib...')
#2 C:\xampp\htdocs\proyectoTresBdd\system\Database\BaseConnection.php(607): CodeIgniter\Database\BaseConnection->simpleQuery('SELECT `a`.`lib...')
#3 C:\xampp\htdocs\proyectoTresBdd\system\Database\BaseBuilder.php(1615): CodeIgniter\Database\BaseConnection->query('SELECT `a`.`lib...', Array, false)
#4 C:\xampp\htdocs\proyectoTresBdd\app\Controllers\Home.php(102): CodeIgniter\Database\BaseBuilder->get()
#5 C:\xampp\htdocs\proyectoTresBdd\system\CodeIgniter.php(942): App\Controllers\Home->obtenerLibros()
#6 C:\xampp\htdocs\proyectoTresBdd\system\CodeIgniter.php(502): CodeIgniter\CodeIgniter->runController(Object(App\Controllers\Home))
#7 C:\xampp\htdocs\proyectoTresBdd\system\CodeIgniter.php(361): CodeIgniter\CodeIgniter->handleRequest(NULL, Object(Config\Cache), false)
#8 C:\xampp\htdocs\proyectoTresBdd\index.php(79): CodeIgniter\CodeIgniter->run()
#9 {main}
CRITICAL - 2023-12-11 21:29:53 --> Table 'semana7.tbl_libt' doesn't exist
in SYSTEMPATH\Database\BaseConnection.php on line 647.
 1 SYSTEMPATH\Database\BaseBuilder.php(1615): CodeIgniter\Database\BaseConnection->query('SELECT `a`.`lib_id`, `a`.`lib_titulo`, `a`.`lib_codigo`, `a`.`lib_precio`, `a`.`lib_resumen`, `b`.`tem_tema`
FROM `tbl_libros` `a`
JOIN `tbl_tema` `b` ON `a`.`tem_id`=`b`.`tem_id`
JOIN `tbl_libt` `c` ON `a`.`lib_id`=`c`.`lib_id`', [], false)
 2 APPPATH\Controllers\Home.php(102): CodeIgniter\Database\BaseBuilder->get()
 3 SYSTEMPATH\CodeIgniter.php(942): App\Controllers\Home->obtenerLibros()
 4 SYSTEMPATH\CodeIgniter.php(502): CodeIgniter\CodeIgniter->runController(Object(App\Controllers\Home))
 5 SYSTEMPATH\CodeIgniter.php(361): CodeIgniter\CodeIgniter->handleRequest(null, Object(Config\Cache), false)
 6 FCPATH\index.php(79): CodeIgniter\CodeIgniter->run()
CRITICAL - 2023-12-11 21:30:12 --> Undefined array key "id"
in APPPATH\Controllers\Home.php on line 86.
 1 APPPATH\Controllers\Home.php(86): CodeIgniter\Debug\Exceptions->errorHandler(2, 'Undefined array key "id"', 'C:\\xampp\\htdocs\\proyectoTresBdd\\app\\Controllers\\Home.php', 86)
 2 SYSTEMPATH\CodeIgniter.php(942): App\Controllers\Home->obtenerLibros()
 3 SYSTEMPATH\CodeIgniter.php(502): CodeIgniter\CodeIgniter->runController(Object(App\Controllers\Home))
 4 SYSTEMPATH\CodeIgniter.php(361): CodeIgniter\CodeIgniter->handleRequest(null, Object(Config\Cache), false)
 5 FCPATH\index.php(79): CodeIgniter\CodeIgniter->run()
CRITICAL - 2023-12-11 21:30:17 --> Undefined array key "id"
in APPPATH\Controllers\Home.php on line 86.
 1 APPPATH\Controllers\Home.php(86): CodeIgniter\Debug\Exceptions->errorHandler(2, 'Undefined array key "id"', 'C:\\xampp\\htdocs\\proyectoTresBdd\\app\\Controllers\\Home.php', 86)
 2 SYSTEMPATH\CodeIgniter.php(942): App\Controllers\Home->obtenerLibros()
 3 SYSTEMPATH\CodeIgniter.php(502): CodeIgniter\CodeIgniter->runController(Object(App\Controllers\Home))
 4 SYSTEMPATH\CodeIgniter.php(361): CodeIgniter\CodeIgniter->handleRequest(null, Object(Config\Cache), false)
 5 FCPATH\index.php(79): CodeIgniter\CodeIgniter->run()
CRITICAL - 2023-12-11 21:30:32 --> Undefined array key "id"
in APPPATH\Controllers\Home.php on line 86.
 1 APPPATH\Controllers\Home.php(86): CodeIgniter\Debug\Exceptions->errorHandler(2, 'Undefined array key "id"', 'C:\\xampp\\htdocs\\proyectoTresBdd\\app\\Controllers\\Home.php', 86)
 2 SYSTEMPATH\CodeIgniter.php(942): App\Controllers\Home->obtenerLibros()
 3 SYSTEMPATH\CodeIgniter.php(502): CodeIgniter\CodeIgniter->runController(Object(App\Controllers\Home))
 4 SYSTEMPATH\CodeIgniter.php(361): CodeIgniter\CodeIgniter->handleRequest(null, Object(Config\Cache), false)
 5 FCPATH\index.php(79): CodeIgniter\CodeIgniter->run()
CRITICAL - 2023-12-11 21:30:43 --> Undefined array key "id"
in APPPATH\Controllers\Home.php on line 86.
 1 APPPATH\Controllers\Home.php(86): CodeIgniter\Debug\Exceptions->errorHandler(2, 'Undefined array key "id"', 'C:\\xampp\\htdocs\\proyectoTresBdd\\app\\Controllers\\Home.php', 86)
 2 SYSTEMPATH\CodeIgniter.php(942): App\Controllers\Home->obtenerLibros()
 3 SYSTEMPATH\CodeIgniter.php(502): CodeIgniter\CodeIgniter->runController(Object(App\Controllers\Home))
 4 SYSTEMPATH\CodeIgniter.php(361): CodeIgniter\CodeIgniter->handleRequest(null, Object(Config\Cache), false)
 5 FCPATH\index.php(79): CodeIgniter\CodeIgniter->run()
CRITICAL - 2023-12-11 21:30:45 --> Undefined array key "id"
in APPPATH\Controllers\Home.php on line 86.
 1 APPPATH\Controllers\Home.php(86): CodeIgniter\Debug\Exceptions->errorHandler(2, 'Undefined array key "id"', 'C:\\xampp\\htdocs\\proyectoTresBdd\\app\\Controllers\\Home.php', 86)
 2 SYSTEMPATH\CodeIgniter.php(942): App\Controllers\Home->obtenerLibros()
 3 SYSTEMPATH\CodeIgniter.php(502): CodeIgniter\CodeIgniter->runController(Object(App\Controllers\Home))
 4 SYSTEMPATH\CodeIgniter.php(361): CodeIgniter\CodeIgniter->handleRequest(null, Object(Config\Cache), false)
 5 FCPATH\index.php(79): CodeIgniter\CodeIgniter->run()
CRITICAL - 2023-12-11 21:30:47 --> Undefined array key "id"
in APPPATH\Controllers\Home.php on line 86.
 1 APPPATH\Controllers\Home.php(86): CodeIgniter\Debug\Exceptions->errorHandler(2, 'Undefined array key "id"', 'C:\\xampp\\htdocs\\proyectoTresBdd\\app\\Controllers\\Home.php', 86)
 2 SYSTEMPATH\CodeIgniter.php(942): App\Controllers\Home->obtenerLibros()
 3 SYSTEMPATH\CodeIgniter.php(502): CodeIgniter\CodeIgniter->runController(Object(App\Controllers\Home))
 4 SYSTEMPATH\CodeIgniter.php(361): CodeIgniter\CodeIgniter->handleRequest(null, Object(Config\Cache), false)
 5 FCPATH\index.php(79): CodeIgniter\CodeIgniter->run()
CRITICAL - 2023-12-11 21:31:05 --> Undefined array key "id"
in APPPATH\Controllers\Home.php on line 86.
 1 APPPATH\Controllers\Home.php(86): CodeIgniter\Debug\Exceptions->errorHandler(2, 'Undefined array key "id"', 'C:\\xampp\\htdocs\\proyectoTresBdd\\app\\Controllers\\Home.php', 86)
 2 SYSTEMPATH\CodeIgniter.php(942): App\Controllers\Home->obtenerLibros()
 3 SYSTEMPATH\CodeIgniter.php(502): CodeIgniter\CodeIgniter->runController(Object(App\Controllers\Home))
 4 SYSTEMPATH\CodeIgniter.php(361): CodeIgniter\CodeIgniter->handleRequest(null, Object(Config\Cache), false)
 5 FCPATH\index.php(79): CodeIgniter\CodeIgniter->run()
CRITICAL - 2023-12-11 21:31:18 --> Undefined array key "id"
in APPPATH\Controllers\Home.php on line 86.
 1 APPPATH\Controllers\Home.php(86): CodeIgniter\Debug\Exceptions->errorHandler(2, 'Undefined array key "id"', 'C:\\xampp\\htdocs\\proyectoTresBdd\\app\\Controllers\\Home.php', 86)
 2 SYSTEMPATH\CodeIgniter.php(942): App\Controllers\Home->obtenerLibros()
 3 SYSTEMPATH\CodeIgniter.php(502): CodeIgniter\CodeIgniter->runController(Object(App\Controllers\Home))
 4 SYSTEMPATH\CodeIgniter.php(361): CodeIgniter\CodeIgniter->handleRequest(null, Object(Config\Cache), false)
 5 FCPATH\index.php(79): CodeIgniter\CodeIgniter->run()
ERROR - 2023-12-11 21:32:59 --> mysqli_sql_exception: Table 'semana7.tbl_libt' doesn't exist in C:\xampp\htdocs\proyectoTresBdd\system\Database\MySQLi\Connection.php:306
Stack trace:
#0 C:\xampp\htdocs\proyectoTresBdd\system\Database\MySQLi\Connection.php(306): mysqli->query('SELECT `a`.`lib...', 0)
#1 C:\xampp\htdocs\proyectoTresBdd\system\Database\BaseConnection.php(693): CodeIgniter\Database\MySQLi\Connection->execute('SELECT `a`.`lib...')
#2 C:\xampp\htdocs\proyectoTresBdd\system\Database\BaseConnection.php(607): CodeIgniter\Database\BaseConnection->simpleQuery('SELECT `a`.`lib...')
#3 C:\xampp\htdocs\proyectoTresBdd\system\Database\BaseBuilder.php(1615): CodeIgniter\Database\BaseConnection->query('SELECT `a`.`lib...', Array, false)
#4 C:\xampp\htdocs\proyectoTresBdd\app\Controllers\Home.php(102): CodeIgniter\Database\BaseBuilder->get()
#5 C:\xampp\htdocs\proyectoTresBdd\system\CodeIgniter.php(942): App\Controllers\Home->obtenerLibros()
#6 C:\xampp\htdocs\proyectoTresBdd\system\CodeIgniter.php(502): CodeIgniter\CodeIgniter->runController(Object(App\Controllers\Home))
#7 C:\xampp\htdocs\proyectoTresBdd\system\CodeIgniter.php(361): CodeIgniter\CodeIgniter->handleRequest(NULL, Object(Config\Cache), false)
#8 C:\xampp\htdocs\proyectoTresBdd\index.php(79): CodeIgniter\CodeIgniter->run()
#9 {main}
CRITICAL - 2023-12-11 21:32:59 --> Table 'semana7.tbl_libt' doesn't exist
in SYSTEMPATH\Database\BaseConnection.php on line 647.
 1 SYSTEMPATH\Database\BaseBuilder.php(1615): CodeIgniter\Database\BaseConnection->query('SELECT `a`.`lib_id`, `a`.`lib_titulo`, `a`.`lib_codigo`, `a`.`lib_precio`, `a`.`lib_resumen`, `b`.`tem_tema`
FROM `tbl_libros` `a`
JOIN `tbl_tema` `b` ON `a`.`tem_id`=`b`.`tem_id`
JOIN `tbl_libt` `c` ON `a`.`lib_id`=`c`.`lib_id`', [], false)
 2 APPPATH\Controllers\Home.php(102): CodeIgniter\Database\BaseBuilder->get()
 3 SYSTEMPATH\CodeIgniter.php(942): App\Controllers\Home->obtenerLibros()
 4 SYSTEMPATH\CodeIgniter.php(502): CodeIgniter\CodeIgniter->runController(Object(App\Controllers\Home))
 5 SYSTEMPATH\CodeIgniter.php(361): CodeIgniter\CodeIgniter->handleRequest(null, Object(Config\Cache), false)
 6 FCPATH\index.php(79): CodeIgniter\CodeIgniter->run()
ERROR - 2023-12-11 21:35:26 --> mysqli_sql_exception: Table 'semana7.tbl_libt' doesn't exist in C:\xampp\htdocs\proyectoTresBdd\system\Database\MySQLi\Connection.php:306
Stack trace:
#0 C:\xampp\htdocs\proyectoTresBdd\system\Database\MySQLi\Connection.php(306): mysqli->query('SELECT `a`.`lib...', 0)
#1 C:\xampp\htdocs\proyectoTresBdd\system\Database\BaseConnection.php(693): CodeIgniter\Database\MySQLi\Connection->execute('SELECT `a`.`lib...')
#2 C:\xampp\htdocs\proyectoTresBdd\system\Database\BaseConnection.php(607): CodeIgniter\Database\BaseConnection->simpleQuery('SELECT `a`.`lib...')
#3 C:\xampp\htdocs\proyectoTresBdd\system\Database\BaseBuilder.php(1615): CodeIgniter\Database\BaseConnection->query('SELECT `a`.`lib...', Array, false)
#4 C:\xampp\htdocs\proyectoTresBdd\app\Controllers\Home.php(105): CodeIgniter\Database\BaseBuilder->get()
#5 C:\xampp\htdocs\proyectoTresBdd\system\CodeIgniter.php(942): App\Controllers\Home->obtenerLibros()
#6 C:\xampp\htdocs\proyectoTresBdd\system\CodeIgniter.php(502): CodeIgniter\CodeIgniter->runController(Object(App\Controllers\Home))
#7 C:\xampp\htdocs\proyectoTresBdd\system\CodeIgniter.php(361): CodeIgniter\CodeIgniter->handleRequest(NULL, Object(Config\Cache), false)
#8 C:\xampp\htdocs\proyectoTresBdd\index.php(79): CodeIgniter\CodeIgniter->run()
#9 {main}
CRITICAL - 2023-12-11 21:35:26 --> Table 'semana7.tbl_libt' doesn't exist
in SYSTEMPATH\Database\BaseConnection.php on line 647.
 1 SYSTEMPATH\Database\BaseBuilder.php(1615): CodeIgniter\Database\BaseConnection->query('SELECT `a`.`lib_id`, `a`.`lib_titulo`, `a`.`lib_codigo`, `a`.`lib_precio`, `a`.`lib_resumen`, `b`.`tem_tema`
FROM `tbl_libros` `a`
JOIN `tbl_tema` `b` ON `a`.`tem_id`=`b`.`tem_id`
JOIN `tbl_libt` `c` ON `a`.`lib_id`=`c`.`lib_id`', [], false)
 2 APPPATH\Controllers\Home.php(105): CodeIgniter\Database\BaseBuilder->get()
 3 SYSTEMPATH\CodeIgniter.php(942): App\Controllers\Home->obtenerLibros()
 4 SYSTEMPATH\CodeIgniter.php(502): CodeIgniter\CodeIgniter->runController(Object(App\Controllers\Home))
 5 SYSTEMPATH\CodeIgniter.php(361): CodeIgniter\CodeIgniter->handleRequest(null, Object(Config\Cache), false)
 6 FCPATH\index.php(79): CodeIgniter\CodeIgniter->run()
CRITICAL - 2023-12-11 21:36:42 --> Undefined array key "tem_id"
in APPPATH\Controllers\Home.php on line 110.
 1 APPPATH\Controllers\Home.php(110): CodeIgniter\Debug\Exceptions->errorHandler(2, 'Undefined array key "tem_id"', 'C:\\xampp\\htdocs\\proyectoTresBdd\\app\\Controllers\\Home.php', 110)
 2 SYSTEMPATH\CodeIgniter.php(942): App\Controllers\Home->obtenerLibros()
 3 SYSTEMPATH\CodeIgniter.php(502): CodeIgniter\CodeIgniter->runController(Object(App\Controllers\Home))
 4 SYSTEMPATH\CodeIgniter.php(361): CodeIgniter\CodeIgniter->handleRequest(null, Object(Config\Cache), false)
 5 FCPATH\index.php(79): CodeIgniter\CodeIgniter->run()
CRITICAL - 2023-12-11 21:37:18 --> Undefined array key "tem_id"
in APPPATH\Controllers\Home.php on line 110.
 1 APPPATH\Controllers\Home.php(110): CodeIgniter\Debug\Exceptions->errorHandler(2, 'Undefined array key "tem_id"', 'C:\\xampp\\htdocs\\proyectoTresBdd\\app\\Controllers\\Home.php', 110)
 2 SYSTEMPATH\CodeIgniter.php(942): App\Controllers\Home->obtenerLibros()
 3 SYSTEMPATH\CodeIgniter.php(502): CodeIgniter\CodeIgniter->runController(Object(App\Controllers\Home))
 4 SYSTEMPATH\CodeIgniter.php(361): CodeIgniter\CodeIgniter->handleRequest(null, Object(Config\Cache), false)
 5 FCPATH\index.php(79): CodeIgniter\CodeIgniter->run()
CRITICAL - 2023-12-11 21:38:52 --> Undefined array key "tem_id"
in APPPATH\Controllers\Home.php on line 110.
 1 APPPATH\Controllers\Home.php(110): CodeIgniter\Debug\Exceptions->errorHandler(2, 'Undefined array key "tem_id"', 'C:\\xampp\\htdocs\\proyectoTresBdd\\app\\Controllers\\Home.php', 110)
 2 SYSTEMPATH\CodeIgniter.php(942): App\Controllers\Home->obtenerLibros()
 3 SYSTEMPATH\CodeIgniter.php(502): CodeIgniter\CodeIgniter->runController(Object(App\Controllers\Home))
 4 SYSTEMPATH\CodeIgniter.php(361): CodeIgniter\CodeIgniter->handleRequest(null, Object(Config\Cache), false)
 5 FCPATH\index.php(79): CodeIgniter\CodeIgniter->run()
CRITICAL - 2023-12-11 21:40:06 --> Array to string conversion
in APPPATH\Views\deber.php on line 59.
 1 APPPATH\Views\deber.php(59): CodeIgniter\Debug\Exceptions->errorHandler(2, 'Array to string conversion', 'C:\\xampp\\htdocs\\proyectoTresBdd\\app\\Views\\deber.php', 59)
 2 SYSTEMPATH\View\View.php(228): include('C:\\xampp\\htdocs\\proyectoTresBdd\\app\\Views\\deber.php')
 3 SYSTEMPATH\View\View.php(231): CodeIgniter\View\View->CodeIgniter\View\{closure}()
 4 SYSTEMPATH\Common.php(1190): CodeIgniter\View\View->render('deber', [], true)
 5 APPPATH\Controllers\Home.php(53): view('deber', [...])
 6 SYSTEMPATH\CodeIgniter.php(942): App\Controllers\Home->libros()
 7 SYSTEMPATH\CodeIgniter.php(502): CodeIgniter\CodeIgniter->runController(Object(App\Controllers\Home))
 8 SYSTEMPATH\CodeIgniter.php(361): CodeIgniter\CodeIgniter->handleRequest(null, Object(Config\Cache), false)
 9 FCPATH\index.php(79): CodeIgniter\CodeIgniter->run()
CRITICAL - 2023-12-11 21:41:45 --> Undefined array key "tem_id"
in APPPATH\Controllers\Home.php on line 110.
 1 APPPATH\Controllers\Home.php(110): CodeIgniter\Debug\Exceptions->errorHandler(2, 'Undefined array key "tem_id"', 'C:\\xampp\\htdocs\\proyectoTresBdd\\app\\Controllers\\Home.php', 110)
 2 SYSTEMPATH\CodeIgniter.php(942): App\Controllers\Home->obtenerLibros()
 3 SYSTEMPATH\CodeIgniter.php(502): CodeIgniter\CodeIgniter->runController(Object(App\Controllers\Home))
 4 SYSTEMPATH\CodeIgniter.php(361): CodeIgniter\CodeIgniter->handleRequest(null, Object(Config\Cache), false)
 5 FCPATH\index.php(79): CodeIgniter\CodeIgniter->run()
CRITICAL - 2023-12-11 21:43:10 --> syntax error, unexpected token ";"
in APPPATH\Views\deber.php on line 61.
 1 SYSTEMPATH\View\View.php(231): CodeIgniter\View\View->CodeIgniter\View\{closure}()
 2 SYSTEMPATH\Common.php(1190): CodeIgniter\View\View->render('deber', [], true)
 3 APPPATH\Controllers\Home.php(53): view('deber', [...])
 4 SYSTEMPATH\CodeIgniter.php(942): App\Controllers\Home->libros()
 5 SYSTEMPATH\CodeIgniter.php(502): CodeIgniter\CodeIgniter->runController(Object(App\Controllers\Home))
 6 SYSTEMPATH\CodeIgniter.php(361): CodeIgniter\CodeIgniter->handleRequest(null, Object(Config\Cache), false)
 7 FCPATH\index.php(79): CodeIgniter\CodeIgniter->run()
CRITICAL - 2023-12-11 21:43:23 --> Undefined array key "tem_id"
in APPPATH\Controllers\Home.php on line 110.
 1 APPPATH\Controllers\Home.php(110): CodeIgniter\Debug\Exceptions->errorHandler(2, 'Undefined array key "tem_id"', 'C:\\xampp\\htdocs\\proyectoTresBdd\\app\\Controllers\\Home.php', 110)
 2 SYSTEMPATH\CodeIgniter.php(942): App\Controllers\Home->obtenerLibros()
 3 SYSTEMPATH\CodeIgniter.php(502): CodeIgniter\CodeIgniter->runController(Object(App\Controllers\Home))
 4 SYSTEMPATH\CodeIgniter.php(361): CodeIgniter\CodeIgniter->handleRequest(null, Object(Config\Cache), false)
 5 FCPATH\index.php(79): CodeIgniter\CodeIgniter->run()
CRITICAL - 2023-12-11 21:43:50 --> Undefined array key "tem_id"
in APPPATH\Controllers\Home.php on line 110.
 1 APPPATH\Controllers\Home.php(110): CodeIgniter\Debug\Exceptions->errorHandler(2, 'Undefined array key "tem_id"', 'C:\\xampp\\htdocs\\proyectoTresBdd\\app\\Controllers\\Home.php', 110)
 2 SYSTEMPATH\CodeIgniter.php(942): App\Controllers\Home->obtenerLibros()
 3 SYSTEMPATH\CodeIgniter.php(502): CodeIgniter\CodeIgniter->runController(Object(App\Controllers\Home))
 4 SYSTEMPATH\CodeIgniter.php(361): CodeIgniter\CodeIgniter->handleRequest(null, Object(Config\Cache), false)
 5 FCPATH\index.php(79): CodeIgniter\CodeIgniter->run()
ERROR - 2023-12-11 21:44:57 --> mysqli_sql_exception: Unknown column 'b.tem_tema' in 'field list' in C:\xampp\htdocs\proyectoTresBdd\system\Database\MySQLi\Connection.php:306
Stack trace:
#0 C:\xampp\htdocs\proyectoTresBdd\system\Database\MySQLi\Connection.php(306): mysqli->query('SELECT `a`.`lib...', 0)
#1 C:\xampp\htdocs\proyectoTresBdd\system\Database\BaseConnection.php(693): CodeIgniter\Database\MySQLi\Connection->execute('SELECT `a`.`lib...')
#2 C:\xampp\htdocs\proyectoTresBdd\system\Database\BaseConnection.php(607): CodeIgniter\Database\BaseConnection->simpleQuery('SELECT `a`.`lib...')
#3 C:\xampp\htdocs\proyectoTresBdd\system\Database\BaseBuilder.php(1615): CodeIgniter\Database\BaseConnection->query('SELECT `a`.`lib...', Array, false)
#4 C:\xampp\htdocs\proyectoTresBdd\app\Controllers\Home.php(105): CodeIgniter\Database\BaseBuilder->get()
#5 C:\xampp\htdocs\proyectoTresBdd\system\CodeIgniter.php(942): App\Controllers\Home->obtenerLibros()
#6 C:\xampp\htdocs\proyectoTresBdd\system\CodeIgniter.php(502): CodeIgniter\CodeIgniter->runController(Object(App\Controllers\Home))
#7 C:\xampp\htdocs\proyectoTresBdd\system\CodeIgniter.php(361): CodeIgniter\CodeIgniter->handleRequest(NULL, Object(Config\Cache), false)
#8 C:\xampp\htdocs\proyectoTresBdd\index.php(79): CodeIgniter\CodeIgniter->run()
#9 {main}
CRITICAL - 2023-12-11 21:44:57 --> Unknown column 'b.tem_tema' in 'field list'
in SYSTEMPATH\Database\BaseConnection.php on line 647.
 1 SYSTEMPATH\Database\BaseBuilder.php(1615): CodeIgniter\Database\BaseConnection->query('SELECT `a`.`lib_id`, `a`.`lib_titulo`, `a`.`lib_codigo`, `a`.`lib_precio`, `a`.`lib_resumen`, `b`.`tem_tema`
FROM `tbl_libros` `a`
JOIN `tbl_libtema` `b` ON `a`.`tem_id`=`b`.`ltb_id`
JOIN `tbl_libros` `c` ON `a`.`lib_id`=`c`.`lib_id`', [], false)
 2 APPPATH\Controllers\Home.php(105): CodeIgniter\Database\BaseBuilder->get()
 3 SYSTEMPATH\CodeIgniter.php(942): App\Controllers\Home->obtenerLibros()
 4 SYSTEMPATH\CodeIgniter.php(502): CodeIgniter\CodeIgniter->runController(Object(App\Controllers\Home))
 5 SYSTEMPATH\CodeIgniter.php(361): CodeIgniter\CodeIgniter->handleRequest(null, Object(Config\Cache), false)
 6 FCPATH\index.php(79): CodeIgniter\CodeIgniter->run()
ERROR - 2023-12-11 21:45:02 --> mysqli_sql_exception: Unknown column 'b.tem_tema' in 'field list' in C:\xampp\htdocs\proyectoTresBdd\system\Database\MySQLi\Connection.php:306
Stack trace:
#0 C:\xampp\htdocs\proyectoTresBdd\system\Database\MySQLi\Connection.php(306): mysqli->query('SELECT `a`.`lib...', 0)
#1 C:\xampp\htdocs\proyectoTresBdd\system\Database\BaseConnection.php(693): CodeIgniter\Database\MySQLi\Connection->execute('SELECT `a`.`lib...')
#2 C:\xampp\htdocs\proyectoTresBdd\system\Database\BaseConnection.php(607): CodeIgniter\Database\BaseConnection->simpleQuery('SELECT `a`.`lib...')
#3 C:\xampp\htdocs\proyectoTresBdd\system\Database\BaseBuilder.php(1615): CodeIgniter\Database\BaseConnection->query('SELECT `a`.`lib...', Array, false)
#4 C:\xampp\htdocs\proyectoTresBdd\app\Controllers\Home.php(105): CodeIgniter\Database\BaseBuilder->get()
#5 C:\xampp\htdocs\proyectoTresBdd\system\CodeIgniter.php(942): App\Controllers\Home->obtenerLibros()
#6 C:\xampp\htdocs\proyectoTresBdd\system\CodeIgniter.php(502): CodeIgniter\CodeIgniter->runController(Object(App\Controllers\Home))
#7 C:\xampp\htdocs\proyectoTresBdd\system\CodeIgniter.php(361): CodeIgniter\CodeIgniter->handleRequest(NULL, Object(Config\Cache), false)
#8 C:\xampp\htdocs\proyectoTresBdd\index.php(79): CodeIgniter\CodeIgniter->run()
#9 {main}
CRITICAL - 2023-12-11 21:45:02 --> Unknown column 'b.tem_tema' in 'field list'
in SYSTEMPATH\Database\BaseConnection.php on line 647.
 1 SYSTEMPATH\Database\BaseBuilder.php(1615): CodeIgniter\Database\BaseConnection->query('SELECT `a`.`lib_id`, `a`.`lib_titulo`, `a`.`lib_codigo`, `a`.`lib_precio`, `a`.`lib_resumen`, `b`.`tem_tema`
FROM `tbl_libros` `a`
JOIN `tbl_libtema` `b` ON `a`.`tem_id`=`b`.`ltb_id`
JOIN `tbl_libros` `c` ON `a`.`lib_id`=`c`.`lib_id`', [], false)
 2 APPPATH\Controllers\Home.php(105): CodeIgniter\Database\BaseBuilder->get()
 3 SYSTEMPATH\CodeIgniter.php(942): App\Controllers\Home->obtenerLibros()
 4 SYSTEMPATH\CodeIgniter.php(502): CodeIgniter\CodeIgniter->runController(Object(App\Controllers\Home))
 5 SYSTEMPATH\CodeIgniter.php(361): CodeIgniter\CodeIgniter->handleRequest(null, Object(Config\Cache), false)
 6 FCPATH\index.php(79): CodeIgniter\CodeIgniter->run()
ERROR - 2023-12-11 21:45:38 --> mysqli_sql_exception: Unknown column 'b.ltb_id' in 'field list' in C:\xampp\htdocs\proyectoTresBdd\system\Database\MySQLi\Connection.php:306
Stack trace:
#0 C:\xampp\htdocs\proyectoTresBdd\system\Database\MySQLi\Connection.php(306): mysqli->query('SELECT `a`.`lib...', 0)
#1 C:\xampp\htdocs\proyectoTresBdd\system\Database\BaseConnection.php(693): CodeIgniter\Database\MySQLi\Connection->execute('SELECT `a`.`lib...')
#2 C:\xampp\htdocs\proyectoTresBdd\system\Database\BaseConnection.php(607): CodeIgniter\Database\BaseConnection->simpleQuery('SELECT `a`.`lib...')
#3 C:\xampp\htdocs\proyectoTresBdd\system\Database\BaseBuilder.php(1615): CodeIgniter\Database\BaseConnection->query('SELECT `a`.`lib...', Array, false)
#4 C:\xampp\htdocs\proyectoTresBdd\app\Controllers\Home.php(105): CodeIgniter\Database\BaseBuilder->get()
#5 C:\xampp\htdocs\proyectoTresBdd\system\CodeIgniter.php(942): App\Controllers\Home->obtenerLibros()
#6 C:\xampp\htdocs\proyectoTresBdd\system\CodeIgniter.php(502): CodeIgniter\CodeIgniter->runController(Object(App\Controllers\Home))
#7 C:\xampp\htdocs\proyectoTresBdd\system\CodeIgniter.php(361): CodeIgniter\CodeIgniter->handleRequest(NULL, Object(Config\Cache), false)
#8 C:\xampp\htdocs\proyectoTresBdd\index.php(79): CodeIgniter\CodeIgniter->run()
#9 {main}
CRITICAL - 2023-12-11 21:45:38 --> Unknown column 'b.ltb_id' in 'field list'
in SYSTEMPATH\Database\BaseConnection.php on line 647.
 1 SYSTEMPATH\Database\BaseBuilder.php(1615): CodeIgniter\Database\BaseConnection->query('SELECT `a`.`lib_id`, `a`.`lib_titulo`, `a`.`lib_codigo`, `a`.`lib_precio`, `a`.`lib_resumen`, `b`.`ltb_id`
FROM `tbl_libros` `a`
JOIN `tbl_libtema` `b` ON `a`.`tem_id`=`b`.`ltb_id`
JOIN `tbl_libros` `c` ON `a`.`lib_id`=`c`.`lib_id`', [], false)
 2 APPPATH\Controllers\Home.php(105): CodeIgniter\Database\BaseBuilder->get()
 3 SYSTEMPATH\CodeIgniter.php(942): App\Controllers\Home->obtenerLibros()
 4 SYSTEMPATH\CodeIgniter.php(502): CodeIgniter\CodeIgniter->runController(Object(App\Controllers\Home))
 5 SYSTEMPATH\CodeIgniter.php(361): CodeIgniter\CodeIgniter->handleRequest(null, Object(Config\Cache), false)
 6 FCPATH\index.php(79): CodeIgniter\CodeIgniter->run()
CRITICAL - 2023-12-11 21:47:21 --> Undefined array key "tem_id"
in APPPATH\Controllers\Home.php on line 110.
 1 APPPATH\Controllers\Home.php(110): CodeIgniter\Debug\Exceptions->errorHandler(2, 'Undefined array key "tem_id"', 'C:\\xampp\\htdocs\\proyectoTresBdd\\app\\Controllers\\Home.php', 110)
 2 SYSTEMPATH\CodeIgniter.php(942): App\Controllers\Home->obtenerLibros()
 3 SYSTEMPATH\CodeIgniter.php(502): CodeIgniter\CodeIgniter->runController(Object(App\Controllers\Home))
 4 SYSTEMPATH\CodeIgniter.php(361): CodeIgniter\CodeIgniter->handleRequest(null, Object(Config\Cache), false)
 5 FCPATH\index.php(79): CodeIgniter\CodeIgniter->run()
CRITICAL - 2023-12-11 21:49:42 --> Undefined array key "tema"
in APPPATH\Controllers\Home.php on line 110.
 1 APPPATH\Controllers\Home.php(110): CodeIgniter\Debug\Exceptions->errorHandler(2, 'Undefined array key "tema"', 'C:\\xampp\\htdocs\\proyectoTresBdd\\app\\Controllers\\Home.php', 110)
 2 SYSTEMPATH\CodeIgniter.php(942): App\Controllers\Home->obtenerLibros()
 3 SYSTEMPATH\CodeIgniter.php(502): CodeIgniter\CodeIgniter->runController(Object(App\Controllers\Home))
 4 SYSTEMPATH\CodeIgniter.php(361): CodeIgniter\CodeIgniter->handleRequest(null, Object(Config\Cache), false)
 5 FCPATH\index.php(79): CodeIgniter\CodeIgniter->run()
CRITICAL - 2023-12-11 21:49:58 --> Undefined array key "tem_id"
in APPPATH\Controllers\Home.php on line 110.
 1 APPPATH\Controllers\Home.php(110): CodeIgniter\Debug\Exceptions->errorHandler(2, 'Undefined array key "tem_id"', 'C:\\xampp\\htdocs\\proyectoTresBdd\\app\\Controllers\\Home.php', 110)
 2 SYSTEMPATH\CodeIgniter.php(942): App\Controllers\Home->obtenerLibros()
 3 SYSTEMPATH\CodeIgniter.php(502): CodeIgniter\CodeIgniter->runController(Object(App\Controllers\Home))
 4 SYSTEMPATH\CodeIgniter.php(361): CodeIgniter\CodeIgniter->handleRequest(null, Object(Config\Cache), false)
 5 FCPATH\index.php(79): CodeIgniter\CodeIgniter->run()
CRITICAL - 2023-12-11 21:55:51 --> Undefined array key "tem_id"
in APPPATH\Controllers\Home.php on line 112.
 1 APPPATH\Controllers\Home.php(112): CodeIgniter\Debug\Exceptions->errorHandler(2, 'Undefined array key "tem_id"', 'C:\\xampp\\htdocs\\proyectoTresBdd\\app\\Controllers\\Home.php', 112)
 2 SYSTEMPATH\CodeIgniter.php(942): App\Controllers\Home->obtenerLibros()
 3 SYSTEMPATH\CodeIgniter.php(502): CodeIgniter\CodeIgniter->runController(Object(App\Controllers\Home))
 4 SYSTEMPATH\CodeIgniter.php(361): CodeIgniter\CodeIgniter->handleRequest(null, Object(Config\Cache), false)
 5 FCPATH\index.php(79): CodeIgniter\CodeIgniter->run()
CRITICAL - 2023-12-11 22:19:26 --> Unclosed '{' on line 62
in APPPATH\Views\deber.php on line 115.
 1 SYSTEMPATH\View\View.php(231): CodeIgniter\View\View->CodeIgniter\View\{closure}()
 2 SYSTEMPATH\Common.php(1190): CodeIgniter\View\View->render('deber', [], true)
 3 APPPATH\Controllers\Home.php(54): view('deber', [...])
 4 SYSTEMPATH\CodeIgniter.php(942): App\Controllers\Home->libros()
 5 SYSTEMPATH\CodeIgniter.php(502): CodeIgniter\CodeIgniter->runController(Object(App\Controllers\Home))
 6 SYSTEMPATH\CodeIgniter.php(361): CodeIgniter\CodeIgniter->handleRequest(null, Object(Config\Cache), false)
 7 FCPATH\index.php(79): CodeIgniter\CodeIgniter->run()
CRITICAL - 2023-12-11 22:19:27 --> Unclosed '{' on line 62
in APPPATH\Views\deber.php on line 115.
 1 SYSTEMPATH\View\View.php(231): CodeIgniter\View\View->CodeIgniter\View\{closure}()
 2 SYSTEMPATH\Common.php(1190): CodeIgniter\View\View->render('deber', [], true)
 3 APPPATH\Controllers\Home.php(54): view('deber', [...])
 4 SYSTEMPATH\CodeIgniter.php(942): App\Controllers\Home->libros()
 5 SYSTEMPATH\CodeIgniter.php(502): CodeIgniter\CodeIgniter->runController(Object(App\Controllers\Home))
 6 SYSTEMPATH\CodeIgniter.php(361): CodeIgniter\CodeIgniter->handleRequest(null, Object(Config\Cache), false)
 7 FCPATH\index.php(79): CodeIgniter\CodeIgniter->run()
