CRITICAL - 2023-12-04 22:45:32 --> Undefined variable $temas
in APPPATH\Views\deber.php on line 43.
 1 APPPATH\Views\deber.php(43): CodeIgniter\Debug\Exceptions->errorHandler(2, 'Undefined variable $temas', 'C:\\xampp\\htdocs\\proyectoTresBdd\\app\\Views\\deber.php', 43)
 2 SYSTEMPATH\View\View.php(228): include('C:\\xampp\\htdocs\\proyectoTresBdd\\app\\Views\\deber.php')
 3 SYSTEMPATH\View\View.php(231): CodeIgniter\View\View->CodeIgniter\View\{closure}()
 4 SYSTEMPATH\Common.php(1190): CodeIgniter\View\View->render('deber', [], true)
 5 APPPATH\Controllers\Home.php(44): view('deber', [...])
 6 SYSTEMPATH\CodeIgniter.php(942): App\Controllers\Home->libros()
 7 SYSTEMPATH\CodeIgniter.php(502): CodeIgniter\CodeIgniter->runController(Object(App\Controllers\Home))
 8 SYSTEMPATH\CodeIgniter.php(361): CodeIgniter\CodeIgniter->handleRequest(null, Object(Config\Cache), false)
 9 FCPATH\index.php(79): CodeIgniter\CodeIgniter->run()
CRITICAL - 2023-12-04 22:45:33 --> Undefined variable $temas
in APPPATH\Views\deber.php on line 43.
 1 APPPATH\Views\deber.php(43): CodeIgniter\Debug\Exceptions->errorHandler(2, 'Undefined variable $temas', 'C:\\xampp\\htdocs\\proyectoTresBdd\\app\\Views\\deber.php', 43)
 2 SYSTEMPATH\View\View.php(228): include('C:\\xampp\\htdocs\\proyectoTresBdd\\app\\Views\\deber.php')
 3 SYSTEMPATH\View\View.php(231): CodeIgniter\View\View->CodeIgniter\View\{closure}()
 4 SYSTEMPATH\Common.php(1190): CodeIgniter\View\View->render('deber', [], true)
 5 APPPATH\Controllers\Home.php(44): view('deber', [...])
 6 SYSTEMPATH\CodeIgniter.php(942): App\Controllers\Home->libros()
 7 SYSTEMPATH\CodeIgniter.php(502): CodeIgniter\CodeIgniter->runController(Object(App\Controllers\Home))
 8 SYSTEMPATH\CodeIgniter.php(361): CodeIgniter\CodeIgniter->handleRequest(null, Object(Config\Cache), false)
 9 FCPATH\index.php(79): CodeIgniter\CodeIgniter->run()
CRITICAL - 2023-12-04 22:45:33 --> Undefined variable $temas
in APPPATH\Views\deber.php on line 43.
 1 APPPATH\Views\deber.php(43): CodeIgniter\Debug\Exceptions->errorHandler(2, 'Undefined variable $temas', 'C:\\xampp\\htdocs\\proyectoTresBdd\\app\\Views\\deber.php', 43)
 2 SYSTEMPATH\View\View.php(228): include('C:\\xampp\\htdocs\\proyectoTresBdd\\app\\Views\\deber.php')
 3 SYSTEMPATH\View\View.php(231): CodeIgniter\View\View->CodeIgniter\View\{closure}()
 4 SYSTEMPATH\Common.php(1190): CodeIgniter\View\View->render('deber', [], true)
 5 APPPATH\Controllers\Home.php(44): view('deber', [...])
 6 SYSTEMPATH\CodeIgniter.php(942): App\Controllers\Home->libros()
 7 SYSTEMPATH\CodeIgniter.php(502): CodeIgniter\CodeIgniter->runController(Object(App\Controllers\Home))
 8 SYSTEMPATH\CodeIgniter.php(361): CodeIgniter\CodeIgniter->handleRequest(null, Object(Config\Cache), false)
 9 FCPATH\index.php(79): CodeIgniter\CodeIgniter->run()
CRITICAL - 2023-12-04 22:47:19 --> You must set the database table to be used with your query.
in SYSTEMPATH\Database\BaseConnection.php on line 884.
 1 SYSTEMPATH\Model.php(635): CodeIgniter\Database\BaseConnection->table(null)
 2 SYSTEMPATH\Model.php(863): CodeIgniter\Model->builder()
 3 APPPATH\Controllers\Home.php(43): CodeIgniter\Model->__call('temasModel', [])
 4 SYSTEMPATH\CodeIgniter.php(942): App\Controllers\Home->libros()
 5 SYSTEMPATH\CodeIgniter.php(502): CodeIgniter\CodeIgniter->runController(Object(App\Controllers\Home))
 6 SYSTEMPATH\CodeIgniter.php(361): CodeIgniter\CodeIgniter->handleRequest(null, Object(Config\Cache), false)
 7 FCPATH\index.php(79): CodeIgniter\CodeIgniter->run()
CRITICAL - 2023-12-04 22:47:20 --> You must set the database table to be used with your query.
in SYSTEMPATH\Database\BaseConnection.php on line 884.
 1 SYSTEMPATH\Model.php(635): CodeIgniter\Database\BaseConnection->table(null)
 2 SYSTEMPATH\Model.php(863): CodeIgniter\Model->builder()
 3 APPPATH\Controllers\Home.php(43): CodeIgniter\Model->__call('temasModel', [])
 4 SYSTEMPATH\CodeIgniter.php(942): App\Controllers\Home->libros()
 5 SYSTEMPATH\CodeIgniter.php(502): CodeIgniter\CodeIgniter->runController(Object(App\Controllers\Home))
 6 SYSTEMPATH\CodeIgniter.php(361): CodeIgniter\CodeIgniter->handleRequest(null, Object(Config\Cache), false)
 7 FCPATH\index.php(79): CodeIgniter\CodeIgniter->run()
CRITICAL - 2023-12-04 22:50:37 --> You must set the database table to be used with your query.
in SYSTEMPATH\Database\BaseConnection.php on line 884.
 1 SYSTEMPATH\Model.php(635): CodeIgniter\Database\BaseConnection->table(null)
 2 SYSTEMPATH\Model.php(863): CodeIgniter\Model->builder()
 3 APPPATH\Controllers\Home.php(44): CodeIgniter\Model->__call('listarTemasModel', [])
 4 SYSTEMPATH\CodeIgniter.php(942): App\Controllers\Home->libros()
 5 SYSTEMPATH\CodeIgniter.php(502): CodeIgniter\CodeIgniter->runController(Object(App\Controllers\Home))
 6 SYSTEMPATH\CodeIgniter.php(361): CodeIgniter\CodeIgniter->handleRequest(null, Object(Config\Cache), false)
 7 FCPATH\index.php(79): CodeIgniter\CodeIgniter->run()
CRITICAL - 2023-12-04 22:50:37 --> You must set the database table to be used with your query.
in SYSTEMPATH\Database\BaseConnection.php on line 884.
 1 SYSTEMPATH\Model.php(635): CodeIgniter\Database\BaseConnection->table(null)
 2 SYSTEMPATH\Model.php(863): CodeIgniter\Model->builder()
 3 APPPATH\Controllers\Home.php(44): CodeIgniter\Model->__call('listarTemasModel', [])
 4 SYSTEMPATH\CodeIgniter.php(942): App\Controllers\Home->libros()
 5 SYSTEMPATH\CodeIgniter.php(502): CodeIgniter\CodeIgniter->runController(Object(App\Controllers\Home))
 6 SYSTEMPATH\CodeIgniter.php(361): CodeIgniter\CodeIgniter->handleRequest(null, Object(Config\Cache), false)
 7 FCPATH\index.php(79): CodeIgniter\CodeIgniter->run()
CRITICAL - 2023-12-04 22:50:37 --> You must set the database table to be used with your query.
in SYSTEMPATH\Database\BaseConnection.php on line 884.
 1 SYSTEMPATH\Model.php(635): CodeIgniter\Database\BaseConnection->table(null)
 2 SYSTEMPATH\Model.php(863): CodeIgniter\Model->builder()
 3 APPPATH\Controllers\Home.php(44): CodeIgniter\Model->__call('listarTemasModel', [])
 4 SYSTEMPATH\CodeIgniter.php(942): App\Controllers\Home->libros()
 5 SYSTEMPATH\CodeIgniter.php(502): CodeIgniter\CodeIgniter->runController(Object(App\Controllers\Home))
 6 SYSTEMPATH\CodeIgniter.php(361): CodeIgniter\CodeIgniter->handleRequest(null, Object(Config\Cache), false)
 7 FCPATH\index.php(79): CodeIgniter\CodeIgniter->run()
CRITICAL - 2023-12-04 22:50:37 --> You must set the database table to be used with your query.
in SYSTEMPATH\Database\BaseConnection.php on line 884.
 1 SYSTEMPATH\Model.php(635): CodeIgniter\Database\BaseConnection->table(null)
 2 SYSTEMPATH\Model.php(863): CodeIgniter\Model->builder()
 3 APPPATH\Controllers\Home.php(44): CodeIgniter\Model->__call('listarTemasModel', [])
 4 SYSTEMPATH\CodeIgniter.php(942): App\Controllers\Home->libros()
 5 SYSTEMPATH\CodeIgniter.php(502): CodeIgniter\CodeIgniter->runController(Object(App\Controllers\Home))
 6 SYSTEMPATH\CodeIgniter.php(361): CodeIgniter\CodeIgniter->handleRequest(null, Object(Config\Cache), false)
 7 FCPATH\index.php(79): CodeIgniter\CodeIgniter->run()
CRITICAL - 2023-12-04 22:50:48 --> You must set the database table to be used with your query.
in SYSTEMPATH\Database\BaseConnection.php on line 884.
 1 SYSTEMPATH\Model.php(635): CodeIgniter\Database\BaseConnection->table(null)
 2 SYSTEMPATH\Model.php(863): CodeIgniter\Model->builder()
 3 APPPATH\Controllers\Home.php(44): CodeIgniter\Model->__call('listarTemasModel', [])
 4 SYSTEMPATH\CodeIgniter.php(942): App\Controllers\Home->libros()
 5 SYSTEMPATH\CodeIgniter.php(502): CodeIgniter\CodeIgniter->runController(Object(App\Controllers\Home))
 6 SYSTEMPATH\CodeIgniter.php(361): CodeIgniter\CodeIgniter->handleRequest(null, Object(Config\Cache), false)
 7 FCPATH\index.php(79): CodeIgniter\CodeIgniter->run()
CRITICAL - 2023-12-04 22:50:48 --> You must set the database table to be used with your query.
in SYSTEMPATH\Database\BaseConnection.php on line 884.
 1 SYSTEMPATH\Model.php(635): CodeIgniter\Database\BaseConnection->table(null)
 2 SYSTEMPATH\Model.php(863): CodeIgniter\Model->builder()
 3 APPPATH\Controllers\Home.php(44): CodeIgniter\Model->__call('listarTemasModel', [])
 4 SYSTEMPATH\CodeIgniter.php(942): App\Controllers\Home->libros()
 5 SYSTEMPATH\CodeIgniter.php(502): CodeIgniter\CodeIgniter->runController(Object(App\Controllers\Home))
 6 SYSTEMPATH\CodeIgniter.php(361): CodeIgniter\CodeIgniter->handleRequest(null, Object(Config\Cache), false)
 7 FCPATH\index.php(79): CodeIgniter\CodeIgniter->run()
CRITICAL - 2023-12-04 22:50:48 --> You must set the database table to be used with your query.
in SYSTEMPATH\Database\BaseConnection.php on line 884.
 1 SYSTEMPATH\Model.php(635): CodeIgniter\Database\BaseConnection->table(null)
 2 SYSTEMPATH\Model.php(863): CodeIgniter\Model->builder()
 3 APPPATH\Controllers\Home.php(44): CodeIgniter\Model->__call('listarTemasModel', [])
 4 SYSTEMPATH\CodeIgniter.php(942): App\Controllers\Home->libros()
 5 SYSTEMPATH\CodeIgniter.php(502): CodeIgniter\CodeIgniter->runController(Object(App\Controllers\Home))
 6 SYSTEMPATH\CodeIgniter.php(361): CodeIgniter\CodeIgniter->handleRequest(null, Object(Config\Cache), false)
 7 FCPATH\index.php(79): CodeIgniter\CodeIgniter->run()
CRITICAL - 2023-12-04 22:50:48 --> You must set the database table to be used with your query.
in SYSTEMPATH\Database\BaseConnection.php on line 884.
 1 SYSTEMPATH\Model.php(635): CodeIgniter\Database\BaseConnection->table(null)
 2 SYSTEMPATH\Model.php(863): CodeIgniter\Model->builder()
 3 APPPATH\Controllers\Home.php(44): CodeIgniter\Model->__call('listarTemasModel', [])
 4 SYSTEMPATH\CodeIgniter.php(942): App\Controllers\Home->libros()
 5 SYSTEMPATH\CodeIgniter.php(502): CodeIgniter\CodeIgniter->runController(Object(App\Controllers\Home))
 6 SYSTEMPATH\CodeIgniter.php(361): CodeIgniter\CodeIgniter->handleRequest(null, Object(Config\Cache), false)
 7 FCPATH\index.php(79): CodeIgniter\CodeIgniter->run()
CRITICAL - 2023-12-04 22:50:48 --> You must set the database table to be used with your query.
in SYSTEMPATH\Database\BaseConnection.php on line 884.
 1 SYSTEMPATH\Model.php(635): CodeIgniter\Database\BaseConnection->table(null)
 2 SYSTEMPATH\Model.php(863): CodeIgniter\Model->builder()
 3 APPPATH\Controllers\Home.php(44): CodeIgniter\Model->__call('listarTemasModel', [])
 4 SYSTEMPATH\CodeIgniter.php(942): App\Controllers\Home->libros()
 5 SYSTEMPATH\CodeIgniter.php(502): CodeIgniter\CodeIgniter->runController(Object(App\Controllers\Home))
 6 SYSTEMPATH\CodeIgniter.php(361): CodeIgniter\CodeIgniter->handleRequest(null, Object(Config\Cache), false)
 7 FCPATH\index.php(79): CodeIgniter\CodeIgniter->run()
CRITICAL - 2023-12-04 22:50:49 --> You must set the database table to be used with your query.
in SYSTEMPATH\Database\BaseConnection.php on line 884.
 1 SYSTEMPATH\Model.php(635): CodeIgniter\Database\BaseConnection->table(null)
 2 SYSTEMPATH\Model.php(863): CodeIgniter\Model->builder()
 3 APPPATH\Controllers\Home.php(44): CodeIgniter\Model->__call('listarTemasModel', [])
 4 SYSTEMPATH\CodeIgniter.php(942): App\Controllers\Home->libros()
 5 SYSTEMPATH\CodeIgniter.php(502): CodeIgniter\CodeIgniter->runController(Object(App\Controllers\Home))
 6 SYSTEMPATH\CodeIgniter.php(361): CodeIgniter\CodeIgniter->handleRequest(null, Object(Config\Cache), false)
 7 FCPATH\index.php(79): CodeIgniter\CodeIgniter->run()
CRITICAL - 2023-12-04 22:50:49 --> You must set the database table to be used with your query.
in SYSTEMPATH\Database\BaseConnection.php on line 884.
 1 SYSTEMPATH\Model.php(635): CodeIgniter\Database\BaseConnection->table(null)
 2 SYSTEMPATH\Model.php(863): CodeIgniter\Model->builder()
 3 APPPATH\Controllers\Home.php(44): CodeIgniter\Model->__call('listarTemasModel', [])
 4 SYSTEMPATH\CodeIgniter.php(942): App\Controllers\Home->libros()
 5 SYSTEMPATH\CodeIgniter.php(502): CodeIgniter\CodeIgniter->runController(Object(App\Controllers\Home))
 6 SYSTEMPATH\CodeIgniter.php(361): CodeIgniter\CodeIgniter->handleRequest(null, Object(Config\Cache), false)
 7 FCPATH\index.php(79): CodeIgniter\CodeIgniter->run()
CRITICAL - 2023-12-04 22:50:49 --> You must set the database table to be used with your query.
in SYSTEMPATH\Database\BaseConnection.php on line 884.
 1 SYSTEMPATH\Model.php(635): CodeIgniter\Database\BaseConnection->table(null)
 2 SYSTEMPATH\Model.php(863): CodeIgniter\Model->builder()
 3 APPPATH\Controllers\Home.php(44): CodeIgniter\Model->__call('listarTemasModel', [])
 4 SYSTEMPATH\CodeIgniter.php(942): App\Controllers\Home->libros()
 5 SYSTEMPATH\CodeIgniter.php(502): CodeIgniter\CodeIgniter->runController(Object(App\Controllers\Home))
 6 SYSTEMPATH\CodeIgniter.php(361): CodeIgniter\CodeIgniter->handleRequest(null, Object(Config\Cache), false)
 7 FCPATH\index.php(79): CodeIgniter\CodeIgniter->run()
CRITICAL - 2023-12-04 22:50:56 --> Undefined variable $temas
in APPPATH\Views\deber.php on line 42.
 1 APPPATH\Views\deber.php(42): CodeIgniter\Debug\Exceptions->errorHandler(2, 'Undefined variable $temas', 'C:\\xampp\\htdocs\\proyectoTresBdd\\app\\Views\\deber.php', 42)
 2 SYSTEMPATH\View\View.php(228): include('C:\\xampp\\htdocs\\proyectoTresBdd\\app\\Views\\deber.php')
 3 SYSTEMPATH\View\View.php(231): CodeIgniter\View\View->CodeIgniter\View\{closure}()
 4 SYSTEMPATH\Common.php(1190): CodeIgniter\View\View->render('deber', [], true)
 5 APPPATH\Controllers\Home.php(50): view('deber', [...])
 6 SYSTEMPATH\CodeIgniter.php(942): App\Controllers\Home->libros()
 7 SYSTEMPATH\CodeIgniter.php(502): CodeIgniter\CodeIgniter->runController(Object(App\Controllers\Home))
 8 SYSTEMPATH\CodeIgniter.php(361): CodeIgniter\CodeIgniter->handleRequest(null, Object(Config\Cache), false)
 9 FCPATH\index.php(79): CodeIgniter\CodeIgniter->run()
CRITICAL - 2023-12-04 22:50:57 --> Undefined variable $temas
in APPPATH\Views\deber.php on line 42.
 1 APPPATH\Views\deber.php(42): CodeIgniter\Debug\Exceptions->errorHandler(2, 'Undefined variable $temas', 'C:\\xampp\\htdocs\\proyectoTresBdd\\app\\Views\\deber.php', 42)
 2 SYSTEMPATH\View\View.php(228): include('C:\\xampp\\htdocs\\proyectoTresBdd\\app\\Views\\deber.php')
 3 SYSTEMPATH\View\View.php(231): CodeIgniter\View\View->CodeIgniter\View\{closure}()
 4 SYSTEMPATH\Common.php(1190): CodeIgniter\View\View->render('deber', [], true)
 5 APPPATH\Controllers\Home.php(50): view('deber', [...])
 6 SYSTEMPATH\CodeIgniter.php(942): App\Controllers\Home->libros()
 7 SYSTEMPATH\CodeIgniter.php(502): CodeIgniter\CodeIgniter->runController(Object(App\Controllers\Home))
 8 SYSTEMPATH\CodeIgniter.php(361): CodeIgniter\CodeIgniter->handleRequest(null, Object(Config\Cache), false)
 9 FCPATH\index.php(79): CodeIgniter\CodeIgniter->run()
CRITICAL - 2023-12-04 22:50:57 --> Undefined variable $temas
in APPPATH\Views\deber.php on line 42.
 1 APPPATH\Views\deber.php(42): CodeIgniter\Debug\Exceptions->errorHandler(2, 'Undefined variable $temas', 'C:\\xampp\\htdocs\\proyectoTresBdd\\app\\Views\\deber.php', 42)
 2 SYSTEMPATH\View\View.php(228): include('C:\\xampp\\htdocs\\proyectoTresBdd\\app\\Views\\deber.php')
 3 SYSTEMPATH\View\View.php(231): CodeIgniter\View\View->CodeIgniter\View\{closure}()
 4 SYSTEMPATH\Common.php(1190): CodeIgniter\View\View->render('deber', [], true)
 5 APPPATH\Controllers\Home.php(50): view('deber', [...])
 6 SYSTEMPATH\CodeIgniter.php(942): App\Controllers\Home->libros()
 7 SYSTEMPATH\CodeIgniter.php(502): CodeIgniter\CodeIgniter->runController(Object(App\Controllers\Home))
 8 SYSTEMPATH\CodeIgniter.php(361): CodeIgniter\CodeIgniter->handleRequest(null, Object(Config\Cache), false)
 9 FCPATH\index.php(79): CodeIgniter\CodeIgniter->run()
CRITICAL - 2023-12-04 22:50:57 --> Undefined variable $temas
in APPPATH\Views\deber.php on line 42.
 1 APPPATH\Views\deber.php(42): CodeIgniter\Debug\Exceptions->errorHandler(2, 'Undefined variable $temas', 'C:\\xampp\\htdocs\\proyectoTresBdd\\app\\Views\\deber.php', 42)
 2 SYSTEMPATH\View\View.php(228): include('C:\\xampp\\htdocs\\proyectoTresBdd\\app\\Views\\deber.php')
 3 SYSTEMPATH\View\View.php(231): CodeIgniter\View\View->CodeIgniter\View\{closure}()
 4 SYSTEMPATH\Common.php(1190): CodeIgniter\View\View->render('deber', [], true)
 5 APPPATH\Controllers\Home.php(50): view('deber', [...])
 6 SYSTEMPATH\CodeIgniter.php(942): App\Controllers\Home->libros()
 7 SYSTEMPATH\CodeIgniter.php(502): CodeIgniter\CodeIgniter->runController(Object(App\Controllers\Home))
 8 SYSTEMPATH\CodeIgniter.php(361): CodeIgniter\CodeIgniter->handleRequest(null, Object(Config\Cache), false)
 9 FCPATH\index.php(79): CodeIgniter\CodeIgniter->run()
CRITICAL - 2023-12-04 22:50:57 --> Undefined variable $temas
in APPPATH\Views\deber.php on line 42.
 1 APPPATH\Views\deber.php(42): CodeIgniter\Debug\Exceptions->errorHandler(2, 'Undefined variable $temas', 'C:\\xampp\\htdocs\\proyectoTresBdd\\app\\Views\\deber.php', 42)
 2 SYSTEMPATH\View\View.php(228): include('C:\\xampp\\htdocs\\proyectoTresBdd\\app\\Views\\deber.php')
 3 SYSTEMPATH\View\View.php(231): CodeIgniter\View\View->CodeIgniter\View\{closure}()
 4 SYSTEMPATH\Common.php(1190): CodeIgniter\View\View->render('deber', [], true)
 5 APPPATH\Controllers\Home.php(50): view('deber', [...])
 6 SYSTEMPATH\CodeIgniter.php(942): App\Controllers\Home->libros()
 7 SYSTEMPATH\CodeIgniter.php(502): CodeIgniter\CodeIgniter->runController(Object(App\Controllers\Home))
 8 SYSTEMPATH\CodeIgniter.php(361): CodeIgniter\CodeIgniter->handleRequest(null, Object(Config\Cache), false)
 9 FCPATH\index.php(79): CodeIgniter\CodeIgniter->run()
CRITICAL - 2023-12-04 22:51:02 --> Undefined variable $temas
in APPPATH\Views\deber.php on line 42.
 1 APPPATH\Views\deber.php(42): CodeIgniter\Debug\Exceptions->errorHandler(2, 'Undefined variable $temas', 'C:\\xampp\\htdocs\\proyectoTresBdd\\app\\Views\\deber.php', 42)
 2 SYSTEMPATH\View\View.php(228): include('C:\\xampp\\htdocs\\proyectoTresBdd\\app\\Views\\deber.php')
 3 SYSTEMPATH\View\View.php(231): CodeIgniter\View\View->CodeIgniter\View\{closure}()
 4 SYSTEMPATH\Common.php(1190): CodeIgniter\View\View->render('deber', [], true)
 5 APPPATH\Controllers\Home.php(47): view('deber', [...])
 6 SYSTEMPATH\CodeIgniter.php(942): App\Controllers\Home->libros()
 7 SYSTEMPATH\CodeIgniter.php(502): CodeIgniter\CodeIgniter->runController(Object(App\Controllers\Home))
 8 SYSTEMPATH\CodeIgniter.php(361): CodeIgniter\CodeIgniter->handleRequest(null, Object(Config\Cache), false)
 9 FCPATH\index.php(79): CodeIgniter\CodeIgniter->run()
CRITICAL - 2023-12-04 22:51:03 --> Undefined variable $temas
in APPPATH\Views\deber.php on line 42.
 1 APPPATH\Views\deber.php(42): CodeIgniter\Debug\Exceptions->errorHandler(2, 'Undefined variable $temas', 'C:\\xampp\\htdocs\\proyectoTresBdd\\app\\Views\\deber.php', 42)
 2 SYSTEMPATH\View\View.php(228): include('C:\\xampp\\htdocs\\proyectoTresBdd\\app\\Views\\deber.php')
 3 SYSTEMPATH\View\View.php(231): CodeIgniter\View\View->CodeIgniter\View\{closure}()
 4 SYSTEMPATH\Common.php(1190): CodeIgniter\View\View->render('deber', [], true)
 5 APPPATH\Controllers\Home.php(47): view('deber', [...])
 6 SYSTEMPATH\CodeIgniter.php(942): App\Controllers\Home->libros()
 7 SYSTEMPATH\CodeIgniter.php(502): CodeIgniter\CodeIgniter->runController(Object(App\Controllers\Home))
 8 SYSTEMPATH\CodeIgniter.php(361): CodeIgniter\CodeIgniter->handleRequest(null, Object(Config\Cache), false)
 9 FCPATH\index.php(79): CodeIgniter\CodeIgniter->run()
CRITICAL - 2023-12-04 22:51:03 --> Undefined variable $temas
in APPPATH\Views\deber.php on line 42.
 1 APPPATH\Views\deber.php(42): CodeIgniter\Debug\Exceptions->errorHandler(2, 'Undefined variable $temas', 'C:\\xampp\\htdocs\\proyectoTresBdd\\app\\Views\\deber.php', 42)
 2 SYSTEMPATH\View\View.php(228): include('C:\\xampp\\htdocs\\proyectoTresBdd\\app\\Views\\deber.php')
 3 SYSTEMPATH\View\View.php(231): CodeIgniter\View\View->CodeIgniter\View\{closure}()
 4 SYSTEMPATH\Common.php(1190): CodeIgniter\View\View->render('deber', [], true)
 5 APPPATH\Controllers\Home.php(47): view('deber', [...])
 6 SYSTEMPATH\CodeIgniter.php(942): App\Controllers\Home->libros()
 7 SYSTEMPATH\CodeIgniter.php(502): CodeIgniter\CodeIgniter->runController(Object(App\Controllers\Home))
 8 SYSTEMPATH\CodeIgniter.php(361): CodeIgniter\CodeIgniter->handleRequest(null, Object(Config\Cache), false)
 9 FCPATH\index.php(79): CodeIgniter\CodeIgniter->run()
CRITICAL - 2023-12-04 22:51:03 --> Undefined variable $temas
in APPPATH\Views\deber.php on line 42.
 1 APPPATH\Views\deber.php(42): CodeIgniter\Debug\Exceptions->errorHandler(2, 'Undefined variable $temas', 'C:\\xampp\\htdocs\\proyectoTresBdd\\app\\Views\\deber.php', 42)
 2 SYSTEMPATH\View\View.php(228): include('C:\\xampp\\htdocs\\proyectoTresBdd\\app\\Views\\deber.php')
 3 SYSTEMPATH\View\View.php(231): CodeIgniter\View\View->CodeIgniter\View\{closure}()
 4 SYSTEMPATH\Common.php(1190): CodeIgniter\View\View->render('deber', [], true)
 5 APPPATH\Controllers\Home.php(47): view('deber', [...])
 6 SYSTEMPATH\CodeIgniter.php(942): App\Controllers\Home->libros()
 7 SYSTEMPATH\CodeIgniter.php(502): CodeIgniter\CodeIgniter->runController(Object(App\Controllers\Home))
 8 SYSTEMPATH\CodeIgniter.php(361): CodeIgniter\CodeIgniter->handleRequest(null, Object(Config\Cache), false)
 9 FCPATH\index.php(79): CodeIgniter\CodeIgniter->run()
CRITICAL - 2023-12-04 22:51:03 --> Undefined variable $temas
in APPPATH\Views\deber.php on line 42.
 1 APPPATH\Views\deber.php(42): CodeIgniter\Debug\Exceptions->errorHandler(2, 'Undefined variable $temas', 'C:\\xampp\\htdocs\\proyectoTresBdd\\app\\Views\\deber.php', 42)
 2 SYSTEMPATH\View\View.php(228): include('C:\\xampp\\htdocs\\proyectoTresBdd\\app\\Views\\deber.php')
 3 SYSTEMPATH\View\View.php(231): CodeIgniter\View\View->CodeIgniter\View\{closure}()
 4 SYSTEMPATH\Common.php(1190): CodeIgniter\View\View->render('deber', [], true)
 5 APPPATH\Controllers\Home.php(47): view('deber', [...])
 6 SYSTEMPATH\CodeIgniter.php(942): App\Controllers\Home->libros()
 7 SYSTEMPATH\CodeIgniter.php(502): CodeIgniter\CodeIgniter->runController(Object(App\Controllers\Home))
 8 SYSTEMPATH\CodeIgniter.php(361): CodeIgniter\CodeIgniter->handleRequest(null, Object(Config\Cache), false)
 9 FCPATH\index.php(79): CodeIgniter\CodeIgniter->run()
CRITICAL - 2023-12-04 22:51:03 --> Undefined variable $temas
in APPPATH\Views\deber.php on line 42.
 1 APPPATH\Views\deber.php(42): CodeIgniter\Debug\Exceptions->errorHandler(2, 'Undefined variable $temas', 'C:\\xampp\\htdocs\\proyectoTresBdd\\app\\Views\\deber.php', 42)
 2 SYSTEMPATH\View\View.php(228): include('C:\\xampp\\htdocs\\proyectoTresBdd\\app\\Views\\deber.php')
 3 SYSTEMPATH\View\View.php(231): CodeIgniter\View\View->CodeIgniter\View\{closure}()
 4 SYSTEMPATH\Common.php(1190): CodeIgniter\View\View->render('deber', [], true)
 5 APPPATH\Controllers\Home.php(47): view('deber', [...])
 6 SYSTEMPATH\CodeIgniter.php(942): App\Controllers\Home->libros()
 7 SYSTEMPATH\CodeIgniter.php(502): CodeIgniter\CodeIgniter->runController(Object(App\Controllers\Home))
 8 SYSTEMPATH\CodeIgniter.php(361): CodeIgniter\CodeIgniter->handleRequest(null, Object(Config\Cache), false)
 9 FCPATH\index.php(79): CodeIgniter\CodeIgniter->run()
CRITICAL - 2023-12-04 22:51:03 --> Undefined variable $temas
in APPPATH\Views\deber.php on line 42.
 1 APPPATH\Views\deber.php(42): CodeIgniter\Debug\Exceptions->errorHandler(2, 'Undefined variable $temas', 'C:\\xampp\\htdocs\\proyectoTresBdd\\app\\Views\\deber.php', 42)
 2 SYSTEMPATH\View\View.php(228): include('C:\\xampp\\htdocs\\proyectoTresBdd\\app\\Views\\deber.php')
 3 SYSTEMPATH\View\View.php(231): CodeIgniter\View\View->CodeIgniter\View\{closure}()
 4 SYSTEMPATH\Common.php(1190): CodeIgniter\View\View->render('deber', [], true)
 5 APPPATH\Controllers\Home.php(47): view('deber', [...])
 6 SYSTEMPATH\CodeIgniter.php(942): App\Controllers\Home->libros()
 7 SYSTEMPATH\CodeIgniter.php(502): CodeIgniter\CodeIgniter->runController(Object(App\Controllers\Home))
 8 SYSTEMPATH\CodeIgniter.php(361): CodeIgniter\CodeIgniter->handleRequest(null, Object(Config\Cache), false)
 9 FCPATH\index.php(79): CodeIgniter\CodeIgniter->run()
CRITICAL - 2023-12-04 22:55:25 --> Undefined variable $temas
in APPPATH\Views\deber.php on line 43.
 1 APPPATH\Views\deber.php(43): CodeIgniter\Debug\Exceptions->errorHandler(2, 'Undefined variable $temas', 'C:\\xampp\\htdocs\\proyectoTresBdd\\app\\Views\\deber.php', 43)
 2 SYSTEMPATH\View\View.php(228): include('C:\\xampp\\htdocs\\proyectoTresBdd\\app\\Views\\deber.php')
 3 SYSTEMPATH\View\View.php(231): CodeIgniter\View\View->CodeIgniter\View\{closure}()
 4 SYSTEMPATH\Common.php(1190): CodeIgniter\View\View->render('deber', [], true)
 5 APPPATH\Controllers\Home.php(46): view('deber', [...])
 6 SYSTEMPATH\CodeIgniter.php(942): App\Controllers\Home->libros()
 7 SYSTEMPATH\CodeIgniter.php(502): CodeIgniter\CodeIgniter->runController(Object(App\Controllers\Home))
 8 SYSTEMPATH\CodeIgniter.php(361): CodeIgniter\CodeIgniter->handleRequest(null, Object(Config\Cache), false)
 9 FCPATH\index.php(79): CodeIgniter\CodeIgniter->run()
CRITICAL - 2023-12-04 22:55:26 --> Undefined variable $temas
in APPPATH\Views\deber.php on line 43.
 1 APPPATH\Views\deber.php(43): CodeIgniter\Debug\Exceptions->errorHandler(2, 'Undefined variable $temas', 'C:\\xampp\\htdocs\\proyectoTresBdd\\app\\Views\\deber.php', 43)
 2 SYSTEMPATH\View\View.php(228): include('C:\\xampp\\htdocs\\proyectoTresBdd\\app\\Views\\deber.php')
 3 SYSTEMPATH\View\View.php(231): CodeIgniter\View\View->CodeIgniter\View\{closure}()
 4 SYSTEMPATH\Common.php(1190): CodeIgniter\View\View->render('deber', [], true)
 5 APPPATH\Controllers\Home.php(46): view('deber', [...])
 6 SYSTEMPATH\CodeIgniter.php(942): App\Controllers\Home->libros()
 7 SYSTEMPATH\CodeIgniter.php(502): CodeIgniter\CodeIgniter->runController(Object(App\Controllers\Home))
 8 SYSTEMPATH\CodeIgniter.php(361): CodeIgniter\CodeIgniter->handleRequest(null, Object(Config\Cache), false)
 9 FCPATH\index.php(79): CodeIgniter\CodeIgniter->run()
CRITICAL - 2023-12-04 22:55:26 --> Undefined variable $temas
in APPPATH\Views\deber.php on line 43.
 1 APPPATH\Views\deber.php(43): CodeIgniter\Debug\Exceptions->errorHandler(2, 'Undefined variable $temas', 'C:\\xampp\\htdocs\\proyectoTresBdd\\app\\Views\\deber.php', 43)
 2 SYSTEMPATH\View\View.php(228): include('C:\\xampp\\htdocs\\proyectoTresBdd\\app\\Views\\deber.php')
 3 SYSTEMPATH\View\View.php(231): CodeIgniter\View\View->CodeIgniter\View\{closure}()
 4 SYSTEMPATH\Common.php(1190): CodeIgniter\View\View->render('deber', [], true)
 5 APPPATH\Controllers\Home.php(46): view('deber', [...])
 6 SYSTEMPATH\CodeIgniter.php(942): App\Controllers\Home->libros()
 7 SYSTEMPATH\CodeIgniter.php(502): CodeIgniter\CodeIgniter->runController(Object(App\Controllers\Home))
 8 SYSTEMPATH\CodeIgniter.php(361): CodeIgniter\CodeIgniter->handleRequest(null, Object(Config\Cache), false)
 9 FCPATH\index.php(79): CodeIgniter\CodeIgniter->run()
CRITICAL - 2023-12-04 23:00:24 --> Class "App\Controllers\temaModel" not found
in APPPATH\Controllers\Home.php on line 44.
 1 SYSTEMPATH\CodeIgniter.php(942): App\Controllers\Home->libros()
 2 SYSTEMPATH\CodeIgniter.php(502): CodeIgniter\CodeIgniter->runController(Object(App\Controllers\Home))
 3 SYSTEMPATH\CodeIgniter.php(361): CodeIgniter\CodeIgniter->handleRequest(null, Object(Config\Cache), false)
 4 FCPATH\index.php(79): CodeIgniter\CodeIgniter->run()
CRITICAL - 2023-12-04 23:00:25 --> Class "App\Controllers\temaModel" not found
in APPPATH\Controllers\Home.php on line 44.
 1 SYSTEMPATH\CodeIgniter.php(942): App\Controllers\Home->libros()
 2 SYSTEMPATH\CodeIgniter.php(502): CodeIgniter\CodeIgniter->runController(Object(App\Controllers\Home))
 3 SYSTEMPATH\CodeIgniter.php(361): CodeIgniter\CodeIgniter->handleRequest(null, Object(Config\Cache), false)
 4 FCPATH\index.php(79): CodeIgniter\CodeIgniter->run()
